[0.008s] Invoking command in '/home/fyier/thesis/ros_ws/build/interfaces': CMAKE_PREFIX_PATH=${CMAKE_PREFIX_PATH}:/home/fyier/thesis/ros_ws/install/chat_service:/opt/ros/humble /usr/bin/cmake --build /home/fyier/thesis/ros_ws/build/interfaces -- -j4 -l4
[0.074s] -- Found ament_cmake: 1.3.10 (/opt/ros/humble/share/ament_cmake/cmake)
[0.157s] -- Found geometry_msgs: 4.2.4 (/opt/ros/humble/share/geometry_msgs/cmake)
[0.182s] -- Found rosidl_generator_c: 3.1.5 (/opt/ros/humble/share/rosidl_generator_c/cmake)
[0.185s] -- Found rosidl_adapter: 3.1.5 (/opt/ros/humble/share/rosidl_adapter/cmake)
[0.191s] -- Found rosidl_generator_cpp: 3.1.5 (/opt/ros/humble/share/rosidl_generator_cpp/cmake)
[0.199s] -- Using all available rosidl_typesupport_c: rosidl_typesupport_fastrtps_c;rosidl_typesupport_introspection_c
[0.210s] -- Using all available rosidl_typesupport_cpp: rosidl_typesupport_fastrtps_cpp;rosidl_typesupport_introspection_cpp
[0.238s] -- Found rosidl_default_generators: 1.2.0 (/opt/ros/humble/share/rosidl_default_generators/cmake)
[0.390s] -- Found ament_cmake_ros: 0.10.0 (/opt/ros/humble/share/ament_cmake_ros/cmake)
[0.603s] -- Using all available rosidl_typesupport_c: rosidl_typesupport_fastrtps_c;rosidl_typesupport_introspection_c
[0.684s] -- Using all available rosidl_typesupport_cpp: rosidl_typesupport_fastrtps_cpp;rosidl_typesupport_introspection_cpp
[0.695s] -- Found python_cmake_module: 0.10.0 (/opt/ros/humble/share/python_cmake_module/cmake)
[0.708s] -- Using PYTHON_EXECUTABLE: /usr/bin/python3
[0.708s] -- Using PYTHON_INCLUDE_DIRS: /usr/include/python3.10
[0.708s] -- Using PYTHON_LIBRARIES: /usr/lib/aarch64-linux-gnu/libpython3.10.so
[0.730s] -- Found ament_lint_auto: 0.12.11 (/opt/ros/humble/share/ament_lint_auto/cmake)
[0.750s] -- Added test 'lint_cmake' to check CMake code style
[0.750s] -- Added test 'xmllint' to check XML markup files
[0.753s] -- Configuring done
[0.785s] -- Generating done
[0.787s] -- Build files have been written to: /home/fyier/thesis/ros_ws/build/interfaces
[0.801s] [35m[1mConsolidate compiler generated dependencies of target interfaces__rosidl_generator_c[0m
[0.805s] [  3%] Built target interfaces__cpp
[0.809s] [35m[1mConsolidate compiler generated dependencies of target interfaces__rosidl_typesupport_cpp[0m
[0.811s] [35m[1mConsolidate compiler generated dependencies of target interfaces__rosidl_typesupport_fastrtps_cpp[0m
[0.812s] [ 12%] Built target interfaces__rosidl_generator_c
[0.814s] [ 12%] Built target ament_cmake_python_copy_interfaces
[0.817s] [35m[1mConsolidate compiler generated dependencies of target interfaces__rosidl_typesupport_introspection_cpp[0m
[0.818s] [35m[1mConsolidate compiler generated dependencies of target interfaces__rosidl_typesupport_fastrtps_c[0m
[0.822s] [ 22%] Built target interfaces__rosidl_typesupport_cpp
[0.823s] [ 32%] Built target interfaces__rosidl_typesupport_fastrtps_cpp
[0.823s] [ 41%] Built target interfaces__rosidl_typesupport_introspection_cpp
[0.825s] [ 51%] Built target interfaces__rosidl_typesupport_fastrtps_c
[0.828s] [35m[1mConsolidate compiler generated dependencies of target interfaces__rosidl_typesupport_c[0m
[0.828s] [35m[1mConsolidate compiler generated dependencies of target interfaces__rosidl_typesupport_introspection_c[0m
[0.832s] [ 61%] Built target interfaces__rosidl_typesupport_c
[0.834s] [ 70%] Built target interfaces__rosidl_typesupport_introspection_c
[0.841s] [ 70%] Built target interfaces
[0.849s] [ 74%] Built target interfaces__py
[0.854s] [35m[1mConsolidate compiler generated dependencies of target interfaces__rosidl_generator_py[0m
[0.863s] [ 80%] Built target interfaces__rosidl_generator_py
[0.867s] [35m[1mConsolidate compiler generated dependencies of target interfaces__rosidl_typesupport_fastrtps_c__pyext[0m
[0.867s] [35m[1mConsolidate compiler generated dependencies of target interfaces__rosidl_typesupport_introspection_c__pyext[0m
[0.867s] [35m[1mConsolidate compiler generated dependencies of target interfaces__rosidl_typesupport_c__pyext[0m
[0.872s] [ 87%] Built target interfaces__rosidl_typesupport_c__pyext
[0.873s] [ 93%] Built target interfaces__rosidl_typesupport_fastrtps_c__pyext
[0.877s] [100%] Built target interfaces__rosidl_typesupport_introspection_c__pyext
[0.940s] running egg_info
[0.941s] writing interfaces.egg-info/PKG-INFO
[0.941s] writing dependency_links to interfaces.egg-info/dependency_links.txt
[0.941s] writing top-level names to interfaces.egg-info/top_level.txt
[0.943s] reading manifest file 'interfaces.egg-info/SOURCES.txt'
[0.943s] writing manifest file 'interfaces.egg-info/SOURCES.txt'
[0.956s] [100%] Built target ament_cmake_python_build_interfaces_egg
[0.961s] Invoked command in '/home/fyier/thesis/ros_ws/build/interfaces' returned '0': CMAKE_PREFIX_PATH=${CMAKE_PREFIX_PATH}:/home/fyier/thesis/ros_ws/install/chat_service:/opt/ros/humble /usr/bin/cmake --build /home/fyier/thesis/ros_ws/build/interfaces -- -j4 -l4
[0.987s] Invoking command in '/home/fyier/thesis/ros_ws/build/interfaces': CMAKE_PREFIX_PATH=${CMAKE_PREFIX_PATH}:/home/fyier/thesis/ros_ws/install/chat_service:/opt/ros/humble /usr/bin/cmake --install /home/fyier/thesis/ros_ws/build/interfaces
[0.990s] -- Install configuration: ""
[0.990s] -- Up-to-date: /home/fyier/thesis/ros_ws/install/interfaces/share/ament_index/resource_index/rosidl_interfaces/interfaces
[0.990s] -- Up-to-date: /home/fyier/thesis/ros_ws/install/interfaces/include/interfaces/interfaces
[0.990s] -- Up-to-date: /home/fyier/thesis/ros_ws/install/interfaces/include/interfaces/interfaces/srv
[0.990s] -- Up-to-date: /home/fyier/thesis/ros_ws/install/interfaces/include/interfaces/interfaces/srv/detail
[0.990s] -- Up-to-date: /home/fyier/thesis/ros_ws/install/interfaces/include/interfaces/interfaces/srv/detail/chat__functions.h
[0.990s] -- Up-to-date: /home/fyier/thesis/ros_ws/install/interfaces/include/interfaces/interfaces/srv/detail/chat__functions.c
[0.990s] -- Up-to-date: /home/fyier/thesis/ros_ws/install/interfaces/include/interfaces/interfaces/srv/detail/chat__type_support.h
[0.990s] -- Up-to-date: /home/fyier/thesis/ros_ws/install/interfaces/include/interfaces/interfaces/srv/detail/chat__struct.h
[0.990s] -- Up-to-date: /home/fyier/thesis/ros_ws/install/interfaces/include/interfaces/interfaces/srv/chat.h
[0.990s] -- Up-to-date: /home/fyier/thesis/ros_ws/install/interfaces/include/interfaces/interfaces/msg
[0.990s] -- Up-to-date: /home/fyier/thesis/ros_ws/install/interfaces/include/interfaces/interfaces/msg/rosidl_generator_c__visibility_control.h
[0.991s] -- Up-to-date: /home/fyier/thesis/ros_ws/install/interfaces/share/interfaces/environment/library_path.sh
[0.991s] -- Installing: /home/fyier/thesis/ros_ws/install/interfaces/share/interfaces/environment/library_path.dsv
[0.991s] -- Up-to-date: /home/fyier/thesis/ros_ws/install/interfaces/lib/libinterfaces__rosidl_generator_c.so
[0.991s] -- Up-to-date: /home/fyier/thesis/ros_ws/install/interfaces/include/interfaces/interfaces
[0.991s] -- Up-to-date: /home/fyier/thesis/ros_ws/install/interfaces/include/interfaces/interfaces/srv
[0.991s] -- Up-to-date: /home/fyier/thesis/ros_ws/install/interfaces/include/interfaces/interfaces/srv/detail
[0.991s] -- Up-to-date: /home/fyier/thesis/ros_ws/install/interfaces/include/interfaces/interfaces/srv/detail/chat__rosidl_typesupport_fastrtps_c.h
[0.991s] -- Up-to-date: /home/fyier/thesis/ros_ws/install/interfaces/include/interfaces/interfaces/msg
[0.991s] -- Up-to-date: /home/fyier/thesis/ros_ws/install/interfaces/include/interfaces/interfaces/msg/rosidl_typesupport_fastrtps_c__visibility_control.h
[0.992s] -- Up-to-date: /home/fyier/thesis/ros_ws/install/interfaces/lib/libinterfaces__rosidl_typesupport_fastrtps_c.so
[0.992s] -- Up-to-date: /home/fyier/thesis/ros_ws/install/interfaces/include/interfaces/interfaces
[0.992s] -- Up-to-date: /home/fyier/thesis/ros_ws/install/interfaces/include/interfaces/interfaces/srv
[0.992s] -- Up-to-date: /home/fyier/thesis/ros_ws/install/interfaces/include/interfaces/interfaces/srv/detail
[0.992s] -- Up-to-date: /home/fyier/thesis/ros_ws/install/interfaces/include/interfaces/interfaces/srv/detail/chat__struct.hpp
[0.992s] -- Up-to-date: /home/fyier/thesis/ros_ws/install/interfaces/include/interfaces/interfaces/srv/detail/chat__traits.hpp
[0.992s] -- Up-to-date: /home/fyier/thesis/ros_ws/install/interfaces/include/interfaces/interfaces/srv/detail/chat__builder.hpp
[0.992s] -- Up-to-date: /home/fyier/thesis/ros_ws/install/interfaces/include/interfaces/interfaces/srv/chat.hpp
[0.992s] -- Up-to-date: /home/fyier/thesis/ros_ws/install/interfaces/include/interfaces/interfaces
[0.992s] -- Up-to-date: /home/fyier/thesis/ros_ws/install/interfaces/include/interfaces/interfaces/srv
[0.992s] -- Up-to-date: /home/fyier/thesis/ros_ws/install/interfaces/include/interfaces/interfaces/srv/detail
[0.992s] -- Up-to-date: /home/fyier/thesis/ros_ws/install/interfaces/include/interfaces/interfaces/srv/detail/chat__rosidl_typesupport_fastrtps_cpp.hpp
[0.992s] -- Up-to-date: /home/fyier/thesis/ros_ws/install/interfaces/include/interfaces/interfaces/srv/detail/dds_fastrtps
[0.992s] -- Up-to-date: /home/fyier/thesis/ros_ws/install/interfaces/include/interfaces/interfaces/msg
[0.992s] -- Up-to-date: /home/fyier/thesis/ros_ws/install/interfaces/include/interfaces/interfaces/msg/rosidl_typesupport_fastrtps_cpp__visibility_control.h
[0.993s] -- Up-to-date: /home/fyier/thesis/ros_ws/install/interfaces/lib/libinterfaces__rosidl_typesupport_fastrtps_cpp.so
[0.993s] -- Up-to-date: /home/fyier/thesis/ros_ws/install/interfaces/include/interfaces/interfaces
[0.993s] -- Up-to-date: /home/fyier/thesis/ros_ws/install/interfaces/include/interfaces/interfaces/srv
[0.993s] -- Up-to-date: /home/fyier/thesis/ros_ws/install/interfaces/include/interfaces/interfaces/srv/detail
[0.993s] -- Up-to-date: /home/fyier/thesis/ros_ws/install/interfaces/include/interfaces/interfaces/srv/detail/chat__type_support.c
[0.993s] -- Up-to-date: /home/fyier/thesis/ros_ws/install/interfaces/include/interfaces/interfaces/srv/detail/chat__rosidl_typesupport_introspection_c.h
[0.993s] -- Up-to-date: /home/fyier/thesis/ros_ws/install/interfaces/include/interfaces/interfaces/msg
[0.993s] -- Up-to-date: /home/fyier/thesis/ros_ws/install/interfaces/include/interfaces/interfaces/msg/rosidl_typesupport_introspection_c__visibility_control.h
[0.993s] -- Up-to-date: /home/fyier/thesis/ros_ws/install/interfaces/lib/libinterfaces__rosidl_typesupport_introspection_c.so
[0.993s] -- Up-to-date: /home/fyier/thesis/ros_ws/install/interfaces/lib/libinterfaces__rosidl_typesupport_c.so
[0.993s] -- Up-to-date: /home/fyier/thesis/ros_ws/install/interfaces/include/interfaces/interfaces
[0.993s] -- Up-to-date: /home/fyier/thesis/ros_ws/install/interfaces/include/interfaces/interfaces/srv
[0.993s] -- Up-to-date: /home/fyier/thesis/ros_ws/install/interfaces/include/interfaces/interfaces/srv/detail
[0.993s] -- Up-to-date: /home/fyier/thesis/ros_ws/install/interfaces/include/interfaces/interfaces/srv/detail/chat__rosidl_typesupport_introspection_cpp.hpp
[0.993s] -- Up-to-date: /home/fyier/thesis/ros_ws/install/interfaces/include/interfaces/interfaces/srv/detail/chat__type_support.cpp
[0.994s] -- Up-to-date: /home/fyier/thesis/ros_ws/install/interfaces/lib/libinterfaces__rosidl_typesupport_introspection_cpp.so
[0.994s] -- Up-to-date: /home/fyier/thesis/ros_ws/install/interfaces/lib/libinterfaces__rosidl_typesupport_cpp.so
[0.994s] -- Up-to-date: /home/fyier/thesis/ros_ws/install/interfaces/share/interfaces/environment/pythonpath.sh
[0.994s] -- Installing: /home/fyier/thesis/ros_ws/install/interfaces/share/interfaces/environment/pythonpath.dsv
[0.994s] -- Up-to-date: /home/fyier/thesis/ros_ws/install/interfaces/local/lib/python3.10/dist-packages/interfaces-0.0.0-py3.10.egg-info
[0.994s] -- Installing: /home/fyier/thesis/ros_ws/install/interfaces/local/lib/python3.10/dist-packages/interfaces-0.0.0-py3.10.egg-info/PKG-INFO
[0.994s] -- Installing: /home/fyier/thesis/ros_ws/install/interfaces/local/lib/python3.10/dist-packages/interfaces-0.0.0-py3.10.egg-info/top_level.txt
[0.994s] -- Installing: /home/fyier/thesis/ros_ws/install/interfaces/local/lib/python3.10/dist-packages/interfaces-0.0.0-py3.10.egg-info/SOURCES.txt
[0.994s] -- Installing: /home/fyier/thesis/ros_ws/install/interfaces/local/lib/python3.10/dist-packages/interfaces-0.0.0-py3.10.egg-info/dependency_links.txt
[0.994s] -- Up-to-date: /home/fyier/thesis/ros_ws/install/interfaces/local/lib/python3.10/dist-packages/interfaces
[0.995s] -- Up-to-date: /home/fyier/thesis/ros_ws/install/interfaces/local/lib/python3.10/dist-packages/interfaces/srv
[0.995s] -- Up-to-date: /home/fyier/thesis/ros_ws/install/interfaces/local/lib/python3.10/dist-packages/interfaces/srv/__init__.py
[0.995s] -- Up-to-date: /home/fyier/thesis/ros_ws/install/interfaces/local/lib/python3.10/dist-packages/interfaces/srv/_chat_s.c
[0.995s] -- Up-to-date: /home/fyier/thesis/ros_ws/install/interfaces/local/lib/python3.10/dist-packages/interfaces/srv/_chat.py
[0.995s] -- Up-to-date: /home/fyier/thesis/ros_ws/install/interfaces/local/lib/python3.10/dist-packages/interfaces/interfaces_s__rosidl_typesupport_introspection_c.cpython-310-aarch64-linux-gnu.so
[0.995s] -- Up-to-date: /home/fyier/thesis/ros_ws/install/interfaces/local/lib/python3.10/dist-packages/interfaces/libinterfaces__rosidl_generator_py.so
[0.995s] -- Installing: /home/fyier/thesis/ros_ws/install/interfaces/local/lib/python3.10/dist-packages/interfaces/__init__.py
[0.995s] -- Up-to-date: /home/fyier/thesis/ros_ws/install/interfaces/local/lib/python3.10/dist-packages/interfaces/_interfaces_s.ep.rosidl_typesupport_introspection_c.c
[0.995s] -- Up-to-date: /home/fyier/thesis/ros_ws/install/interfaces/local/lib/python3.10/dist-packages/interfaces/_interfaces_s.ep.rosidl_typesupport_c.c
[0.995s] -- Up-to-date: /home/fyier/thesis/ros_ws/install/interfaces/local/lib/python3.10/dist-packages/interfaces/interfaces_s__rosidl_typesupport_fastrtps_c.cpython-310-aarch64-linux-gnu.so
[0.995s] -- Up-to-date: /home/fyier/thesis/ros_ws/install/interfaces/local/lib/python3.10/dist-packages/interfaces/interfaces_s__rosidl_typesupport_c.cpython-310-aarch64-linux-gnu.so
[0.995s] -- Up-to-date: /home/fyier/thesis/ros_ws/install/interfaces/local/lib/python3.10/dist-packages/interfaces/_interfaces_s.ep.rosidl_typesupport_fastrtps_c.c
[1.010s] Listing '/home/fyier/thesis/ros_ws/install/interfaces/local/lib/python3.10/dist-packages/interfaces'...
[1.010s] Compiling '/home/fyier/thesis/ros_ws/install/interfaces/local/lib/python3.10/dist-packages/interfaces/__init__.py'...
[1.010s] Listing '/home/fyier/thesis/ros_ws/install/interfaces/local/lib/python3.10/dist-packages/interfaces/srv'...
[1.013s] -- Up-to-date: /home/fyier/thesis/ros_ws/install/interfaces/local/lib/python3.10/dist-packages/interfaces/interfaces_s__rosidl_typesupport_fastrtps_c.cpython-310-aarch64-linux-gnu.so
[1.013s] -- Up-to-date: /home/fyier/thesis/ros_ws/install/interfaces/local/lib/python3.10/dist-packages/interfaces/interfaces_s__rosidl_typesupport_introspection_c.cpython-310-aarch64-linux-gnu.so
[1.013s] -- Up-to-date: /home/fyier/thesis/ros_ws/install/interfaces/local/lib/python3.10/dist-packages/interfaces/interfaces_s__rosidl_typesupport_c.cpython-310-aarch64-linux-gnu.so
[1.014s] -- Up-to-date: /home/fyier/thesis/ros_ws/install/interfaces/lib/libinterfaces__rosidl_generator_py.so
[1.014s] -- Up-to-date: /home/fyier/thesis/ros_ws/install/interfaces/share/interfaces/srv/Chat.idl
[1.014s] -- Installing: /home/fyier/thesis/ros_ws/install/interfaces/share/interfaces/srv/Chat.srv
[1.014s] -- Up-to-date: /home/fyier/thesis/ros_ws/install/interfaces/share/interfaces/srv/Chat_Request.msg
[1.014s] -- Up-to-date: /home/fyier/thesis/ros_ws/install/interfaces/share/interfaces/srv/Chat_Response.msg
[1.014s] -- Up-to-date: /home/fyier/thesis/ros_ws/install/interfaces/share/ament_index/resource_index/package_run_dependencies/interfaces
[1.014s] -- Up-to-date: /home/fyier/thesis/ros_ws/install/interfaces/share/ament_index/resource_index/parent_prefix_path/interfaces
[1.014s] -- Up-to-date: /home/fyier/thesis/ros_ws/install/interfaces/share/interfaces/environment/ament_prefix_path.sh
[1.014s] -- Installing: /home/fyier/thesis/ros_ws/install/interfaces/share/interfaces/environment/ament_prefix_path.dsv
[1.014s] -- Up-to-date: /home/fyier/thesis/ros_ws/install/interfaces/share/interfaces/environment/path.sh
[1.014s] -- Installing: /home/fyier/thesis/ros_ws/install/interfaces/share/interfaces/environment/path.dsv
[1.014s] -- Up-to-date: /home/fyier/thesis/ros_ws/install/interfaces/share/interfaces/local_setup.bash
[1.014s] -- Up-to-date: /home/fyier/thesis/ros_ws/install/interfaces/share/interfaces/local_setup.sh
[1.014s] -- Up-to-date: /home/fyier/thesis/ros_ws/install/interfaces/share/interfaces/local_setup.zsh
[1.014s] -- Installing: /home/fyier/thesis/ros_ws/install/interfaces/share/interfaces/local_setup.dsv
[1.014s] -- Installing: /home/fyier/thesis/ros_ws/install/interfaces/share/interfaces/package.dsv
[1.014s] -- Up-to-date: /home/fyier/thesis/ros_ws/install/interfaces/share/ament_index/resource_index/packages/interfaces
[1.015s] -- Up-to-date: /home/fyier/thesis/ros_ws/install/interfaces/share/interfaces/cmake/export_interfaces__rosidl_generator_cExport.cmake
[1.015s] -- Up-to-date: /home/fyier/thesis/ros_ws/install/interfaces/share/interfaces/cmake/export_interfaces__rosidl_generator_cExport-noconfig.cmake
[1.015s] -- Up-to-date: /home/fyier/thesis/ros_ws/install/interfaces/share/interfaces/cmake/export_interfaces__rosidl_typesupport_fastrtps_cExport.cmake
[1.015s] -- Up-to-date: /home/fyier/thesis/ros_ws/install/interfaces/share/interfaces/cmake/export_interfaces__rosidl_typesupport_fastrtps_cExport-noconfig.cmake
[1.015s] -- Up-to-date: /home/fyier/thesis/ros_ws/install/interfaces/share/interfaces/cmake/export_interfaces__rosidl_generator_cppExport.cmake
[1.015s] -- Up-to-date: /home/fyier/thesis/ros_ws/install/interfaces/share/interfaces/cmake/export_interfaces__rosidl_typesupport_fastrtps_cppExport.cmake
[1.016s] -- Up-to-date: /home/fyier/thesis/ros_ws/install/interfaces/share/interfaces/cmake/export_interfaces__rosidl_typesupport_fastrtps_cppExport-noconfig.cmake
[1.016s] -- Up-to-date: /home/fyier/thesis/ros_ws/install/interfaces/share/interfaces/cmake/interfaces__rosidl_typesupport_introspection_cExport.cmake
[1.016s] -- Up-to-date: /home/fyier/thesis/ros_ws/install/interfaces/share/interfaces/cmake/interfaces__rosidl_typesupport_introspection_cExport-noconfig.cmake
[1.016s] -- Up-to-date: /home/fyier/thesis/ros_ws/install/interfaces/share/interfaces/cmake/interfaces__rosidl_typesupport_cExport.cmake
[1.016s] -- Up-to-date: /home/fyier/thesis/ros_ws/install/interfaces/share/interfaces/cmake/interfaces__rosidl_typesupport_cExport-noconfig.cmake
[1.016s] -- Up-to-date: /home/fyier/thesis/ros_ws/install/interfaces/share/interfaces/cmake/interfaces__rosidl_typesupport_introspection_cppExport.cmake
[1.016s] -- Up-to-date: /home/fyier/thesis/ros_ws/install/interfaces/share/interfaces/cmake/interfaces__rosidl_typesupport_introspection_cppExport-noconfig.cmake
[1.016s] -- Up-to-date: /home/fyier/thesis/ros_ws/install/interfaces/share/interfaces/cmake/interfaces__rosidl_typesupport_cppExport.cmake
[1.016s] -- Up-to-date: /home/fyier/thesis/ros_ws/install/interfaces/share/interfaces/cmake/interfaces__rosidl_typesupport_cppExport-noconfig.cmake
[1.017s] -- Up-to-date: /home/fyier/thesis/ros_ws/install/interfaces/share/interfaces/cmake/export_interfaces__rosidl_generator_pyExport.cmake
[1.017s] -- Up-to-date: /home/fyier/thesis/ros_ws/install/interfaces/share/interfaces/cmake/export_interfaces__rosidl_generator_pyExport-noconfig.cmake
[1.017s] -- Up-to-date: /home/fyier/thesis/ros_ws/install/interfaces/share/interfaces/cmake/rosidl_cmake-extras.cmake
[1.017s] -- Up-to-date: /home/fyier/thesis/ros_ws/install/interfaces/share/interfaces/cmake/ament_cmake_export_dependencies-extras.cmake
[1.017s] -- Up-to-date: /home/fyier/thesis/ros_ws/install/interfaces/share/interfaces/cmake/ament_cmake_export_include_directories-extras.cmake
[1.017s] -- Up-to-date: /home/fyier/thesis/ros_ws/install/interfaces/share/interfaces/cmake/ament_cmake_export_libraries-extras.cmake
[1.017s] -- Up-to-date: /home/fyier/thesis/ros_ws/install/interfaces/share/interfaces/cmake/ament_cmake_export_targets-extras.cmake
[1.017s] -- Up-to-date: /home/fyier/thesis/ros_ws/install/interfaces/share/interfaces/cmake/rosidl_cmake_export_typesupport_targets-extras.cmake
[1.017s] -- Up-to-date: /home/fyier/thesis/ros_ws/install/interfaces/share/interfaces/cmake/rosidl_cmake_export_typesupport_libraries-extras.cmake
[1.017s] -- Up-to-date: /home/fyier/thesis/ros_ws/install/interfaces/share/interfaces/cmake/interfacesConfig.cmake
[1.017s] -- Up-to-date: /home/fyier/thesis/ros_ws/install/interfaces/share/interfaces/cmake/interfacesConfig-version.cmake
[1.017s] -- Up-to-date: /home/fyier/thesis/ros_ws/install/interfaces/share/interfaces/package.xml
[1.018s] Invoked command in '/home/fyier/thesis/ros_ws/build/interfaces' returned '0': CMAKE_PREFIX_PATH=${CMAKE_PREFIX_PATH}:/home/fyier/thesis/ros_ws/install/chat_service:/opt/ros/humble /usr/bin/cmake --install /home/fyier/thesis/ros_ws/build/interfaces
