[0.342s] Invoking command in '/home/fyier/testing/ros_ws/src/chat_service': PYTHONPATH=/home/fyier/testing/ros_ws/src/chat_service/build/chat_service/prefix_override:/usr/lib/python3/dist-packages/colcon_core/task/python/colcon_distutils_commands:/home/fyier/testing/ros_ws/src/chat_service/install/chat_service/lib/python3.10/site-packages:${PYTHONPATH} /usr/bin/python3 -W ignore:setup.py install is deprecated setup.py egg_info --egg-base build/chat_service build --build-base /home/fyier/testing/ros_ws/src/chat_service/build/chat_service/build install --record /home/fyier/testing/ros_ws/src/chat_service/build/chat_service/install.log --single-version-externally-managed install_data
[0.449s] running egg_info
[0.450s] creating build/chat_service/chat_service.egg-info
[0.450s] writing build/chat_service/chat_service.egg-info/PKG-INFO
[0.450s] writing dependency_links to build/chat_service/chat_service.egg-info/dependency_links.txt
[0.450s] writing entry points to build/chat_service/chat_service.egg-info/entry_points.txt
[0.450s] writing requirements to build/chat_service/chat_service.egg-info/requires.txt
[0.450s] writing top-level names to build/chat_service/chat_service.egg-info/top_level.txt
[0.451s] writing manifest file 'build/chat_service/chat_service.egg-info/SOURCES.txt'
[0.452s] reading manifest file 'build/chat_service/chat_service.egg-info/SOURCES.txt'
[0.452s] writing manifest file 'build/chat_service/chat_service.egg-info/SOURCES.txt'
[0.452s] running build
[0.452s] running build_py
[0.452s] creating /home/fyier/testing/ros_ws/src/chat_service/build/chat_service/build
[0.453s] creating /home/fyier/testing/ros_ws/src/chat_service/build/chat_service/build/lib
[0.453s] creating /home/fyier/testing/ros_ws/src/chat_service/build/chat_service/build/lib/chat_service
[0.453s] copying chat_service/__init__.py -> /home/fyier/testing/ros_ws/src/chat_service/build/chat_service/build/lib/chat_service
[0.453s] copying chat_service/chat_service_node.py -> /home/fyier/testing/ros_ws/src/chat_service/build/chat_service/build/lib/chat_service
[0.453s] running install
[0.453s] running install_lib
[0.453s] creating /home/fyier/testing/ros_ws/src/chat_service/install/chat_service/lib/python3.10/site-packages/chat_service
[0.454s] copying /home/fyier/testing/ros_ws/src/chat_service/build/chat_service/build/lib/chat_service/__init__.py -> /home/fyier/testing/ros_ws/src/chat_service/install/chat_service/lib/python3.10/site-packages/chat_service
[0.454s] copying /home/fyier/testing/ros_ws/src/chat_service/build/chat_service/build/lib/chat_service/chat_service_node.py -> /home/fyier/testing/ros_ws/src/chat_service/install/chat_service/lib/python3.10/site-packages/chat_service
[0.454s] byte-compiling /home/fyier/testing/ros_ws/src/chat_service/install/chat_service/lib/python3.10/site-packages/chat_service/__init__.py to __init__.cpython-310.pyc
[0.454s] byte-compiling /home/fyier/testing/ros_ws/src/chat_service/install/chat_service/lib/python3.10/site-packages/chat_service/chat_service_node.py to chat_service_node.cpython-310.pyc
[0.455s] running install_data
[0.455s] creating /home/fyier/testing/ros_ws/src/chat_service/install/chat_service/share/ament_index
[0.455s] creating /home/fyier/testing/ros_ws/src/chat_service/install/chat_service/share/ament_index/resource_index
[0.455s] creating /home/fyier/testing/ros_ws/src/chat_service/install/chat_service/share/ament_index/resource_index/packages
[0.455s] copying resource/chat_service -> /home/fyier/testing/ros_ws/src/chat_service/install/chat_service/share/ament_index/resource_index/packages
[0.455s] copying package.xml -> /home/fyier/testing/ros_ws/src/chat_service/install/chat_service/share/chat_service
[0.455s] creating /home/fyier/testing/ros_ws/src/chat_service/install/chat_service/share/chat_service/srv
[0.455s] copying srv/Chat.srv -> /home/fyier/testing/ros_ws/src/chat_service/install/chat_service/share/chat_service/srv
[0.455s] running install_egg_info
[0.456s] Copying build/chat_service/chat_service.egg-info to /home/fyier/testing/ros_ws/src/chat_service/install/chat_service/lib/python3.10/site-packages/chat_service-0.0.1-py3.10.egg-info
[0.456s] running install_scripts
[0.466s] Installing chat_service_node script to /home/fyier/testing/ros_ws/src/chat_service/install/chat_service/lib/chat_service
[0.466s] writing list of installed files to '/home/fyier/testing/ros_ws/src/chat_service/build/chat_service/install.log'
[0.478s] Invoked command in '/home/fyier/testing/ros_ws/src/chat_service' returned '0': PYTHONPATH=/home/fyier/testing/ros_ws/src/chat_service/build/chat_service/prefix_override:/usr/lib/python3/dist-packages/colcon_core/task/python/colcon_distutils_commands:/home/fyier/testing/ros_ws/src/chat_service/install/chat_service/lib/python3.10/site-packages:${PYTHONPATH} /usr/bin/python3 -W ignore:setup.py install is deprecated setup.py egg_info --egg-base build/chat_service build --build-base /home/fyier/testing/ros_ws/src/chat_service/build/chat_service/build install --record /home/fyier/testing/ros_ws/src/chat_service/build/chat_service/install.log --single-version-externally-managed install_data
