[0.008s] Invoking command in '/home/fyier/thesis/ros_ws/build/interfaces': CMAKE_PREFIX_PATH=${CMAKE_PREFIX_PATH}:/home/fyier/thesis/ros_ws/install/chat_service:/opt/ros/humble /usr/bin/cmake --build /home/fyier/thesis/ros_ws/build/interfaces -- -j4 -l4
[0.075s] [35m[1mConsolidate compiler generated dependencies of target interfaces__rosidl_generator_c[0m
[0.078s] [  3%] Built target interfaces__cpp
[0.084s] [  3%] Built target ament_cmake_python_copy_interfaces
[0.085s] [35m[1mConsolidate compiler generated dependencies of target interfaces__rosidl_typesupport_fastrtps_cpp[0m
[0.086s] [ 12%] Built target interfaces__rosidl_generator_c
[0.086s] [35m[1mConsolidate compiler generated dependencies of target interfaces__rosidl_typesupport_cpp[0m
[0.091s] [35m[1mConsolidate compiler generated dependencies of target interfaces__rosidl_typesupport_introspection_cpp[0m
[0.100s] [ 22%] Built target interfaces__rosidl_typesupport_cpp
[0.101s] [ 32%] Built target interfaces__rosidl_typesupport_introspection_cpp
[0.103s] [ 41%] Built target interfaces__rosidl_typesupport_fastrtps_cpp
[0.114s] [35m[1mConsolidate compiler generated dependencies of target interfaces__rosidl_typesupport_fastrtps_c[0m
[0.114s] [35m[1mConsolidate compiler generated dependencies of target interfaces__rosidl_typesupport_c[0m
[0.119s] [ 51%] Built target interfaces__rosidl_typesupport_c
[0.121s] [ 61%] Built target interfaces__rosidl_typesupport_fastrtps_c
[0.124s] [35m[1mConsolidate compiler generated dependencies of target interfaces__rosidl_typesupport_introspection_c[0m
[0.130s] [ 70%] Built target interfaces__rosidl_typesupport_introspection_c
[0.143s] [ 70%] Built target interfaces
[0.154s] [ 74%] Built target interfaces__py
[0.159s] [35m[1mConsolidate compiler generated dependencies of target interfaces__rosidl_generator_py[0m
[0.170s] [ 80%] Built target interfaces__rosidl_generator_py
[0.175s] [35m[1mConsolidate compiler generated dependencies of target interfaces__rosidl_typesupport_fastrtps_c__pyext[0m
[0.175s] [35m[1mConsolidate compiler generated dependencies of target interfaces__rosidl_typesupport_introspection_c__pyext[0m
[0.179s] [35m[1mConsolidate compiler generated dependencies of target interfaces__rosidl_typesupport_c__pyext[0m
[0.185s] [ 87%] Built target interfaces__rosidl_typesupport_introspection_c__pyext
[0.185s] [ 93%] Built target interfaces__rosidl_typesupport_c__pyext
[0.187s] [100%] Built target interfaces__rosidl_typesupport_fastrtps_c__pyext
[0.210s] running egg_info
[0.211s] writing interfaces.egg-info/PKG-INFO
[0.211s] writing dependency_links to interfaces.egg-info/dependency_links.txt
[0.211s] writing top-level names to interfaces.egg-info/top_level.txt
[0.213s] reading manifest file 'interfaces.egg-info/SOURCES.txt'
[0.214s] writing manifest file 'interfaces.egg-info/SOURCES.txt'
[0.226s] [100%] Built target ament_cmake_python_build_interfaces_egg
[0.231s] Invoked command in '/home/fyier/thesis/ros_ws/build/interfaces' returned '0': CMAKE_PREFIX_PATH=${CMAKE_PREFIX_PATH}:/home/fyier/thesis/ros_ws/install/chat_service:/opt/ros/humble /usr/bin/cmake --build /home/fyier/thesis/ros_ws/build/interfaces -- -j4 -l4
[0.260s] Invoking command in '/home/fyier/thesis/ros_ws/build/interfaces': CMAKE_PREFIX_PATH=${CMAKE_PREFIX_PATH}:/home/fyier/thesis/ros_ws/install/chat_service:/opt/ros/humble /usr/bin/cmake --install /home/fyier/thesis/ros_ws/build/interfaces
[0.263s] -- Install configuration: ""
[0.264s] -- Up-to-date: /home/fyier/thesis/ros_ws/install/interfaces/share/ament_index/resource_index/rosidl_interfaces/interfaces
[0.264s] -- Up-to-date: /home/fyier/thesis/ros_ws/install/interfaces/include/interfaces/interfaces
[0.264s] -- Up-to-date: /home/fyier/thesis/ros_ws/install/interfaces/include/interfaces/interfaces/srv
[0.264s] -- Up-to-date: /home/fyier/thesis/ros_ws/install/interfaces/include/interfaces/interfaces/srv/detail
[0.264s] -- Up-to-date: /home/fyier/thesis/ros_ws/install/interfaces/include/interfaces/interfaces/srv/detail/chat__functions.h
[0.264s] -- Up-to-date: /home/fyier/thesis/ros_ws/install/interfaces/include/interfaces/interfaces/srv/detail/chat__functions.c
[0.264s] -- Up-to-date: /home/fyier/thesis/ros_ws/install/interfaces/include/interfaces/interfaces/srv/detail/chat__type_support.h
[0.264s] -- Up-to-date: /home/fyier/thesis/ros_ws/install/interfaces/include/interfaces/interfaces/srv/detail/chat__struct.h
[0.264s] -- Up-to-date: /home/fyier/thesis/ros_ws/install/interfaces/include/interfaces/interfaces/srv/chat.h
[0.264s] -- Up-to-date: /home/fyier/thesis/ros_ws/install/interfaces/include/interfaces/interfaces/msg
[0.264s] -- Up-to-date: /home/fyier/thesis/ros_ws/install/interfaces/include/interfaces/interfaces/msg/rosidl_generator_c__visibility_control.h
[0.264s] -- Up-to-date: /home/fyier/thesis/ros_ws/install/interfaces/share/interfaces/environment/library_path.sh
[0.264s] -- Up-to-date: /home/fyier/thesis/ros_ws/install/interfaces/share/interfaces/environment/library_path.dsv
[0.264s] -- Up-to-date: /home/fyier/thesis/ros_ws/install/interfaces/lib/libinterfaces__rosidl_generator_c.so
[0.264s] -- Up-to-date: /home/fyier/thesis/ros_ws/install/interfaces/include/interfaces/interfaces
[0.264s] -- Up-to-date: /home/fyier/thesis/ros_ws/install/interfaces/include/interfaces/interfaces/srv
[0.264s] -- Up-to-date: /home/fyier/thesis/ros_ws/install/interfaces/include/interfaces/interfaces/srv/detail
[0.264s] -- Up-to-date: /home/fyier/thesis/ros_ws/install/interfaces/include/interfaces/interfaces/srv/detail/chat__rosidl_typesupport_fastrtps_c.h
[0.264s] -- Up-to-date: /home/fyier/thesis/ros_ws/install/interfaces/include/interfaces/interfaces/msg
[0.264s] -- Up-to-date: /home/fyier/thesis/ros_ws/install/interfaces/include/interfaces/interfaces/msg/rosidl_typesupport_fastrtps_c__visibility_control.h
[0.265s] -- Up-to-date: /home/fyier/thesis/ros_ws/install/interfaces/lib/libinterfaces__rosidl_typesupport_fastrtps_c.so
[0.265s] -- Up-to-date: /home/fyier/thesis/ros_ws/install/interfaces/include/interfaces/interfaces
[0.265s] -- Up-to-date: /home/fyier/thesis/ros_ws/install/interfaces/include/interfaces/interfaces/srv
[0.265s] -- Up-to-date: /home/fyier/thesis/ros_ws/install/interfaces/include/interfaces/interfaces/srv/detail
[0.265s] -- Up-to-date: /home/fyier/thesis/ros_ws/install/interfaces/include/interfaces/interfaces/srv/detail/chat__struct.hpp
[0.265s] -- Up-to-date: /home/fyier/thesis/ros_ws/install/interfaces/include/interfaces/interfaces/srv/detail/chat__traits.hpp
[0.265s] -- Up-to-date: /home/fyier/thesis/ros_ws/install/interfaces/include/interfaces/interfaces/srv/detail/chat__builder.hpp
[0.265s] -- Up-to-date: /home/fyier/thesis/ros_ws/install/interfaces/include/interfaces/interfaces/srv/chat.hpp
[0.265s] -- Up-to-date: /home/fyier/thesis/ros_ws/install/interfaces/include/interfaces/interfaces
[0.265s] -- Up-to-date: /home/fyier/thesis/ros_ws/install/interfaces/include/interfaces/interfaces/srv
[0.265s] -- Up-to-date: /home/fyier/thesis/ros_ws/install/interfaces/include/interfaces/interfaces/srv/detail
[0.265s] -- Up-to-date: /home/fyier/thesis/ros_ws/install/interfaces/include/interfaces/interfaces/srv/detail/chat__rosidl_typesupport_fastrtps_cpp.hpp
[0.265s] -- Up-to-date: /home/fyier/thesis/ros_ws/install/interfaces/include/interfaces/interfaces/srv/detail/dds_fastrtps
[0.265s] -- Up-to-date: /home/fyier/thesis/ros_ws/install/interfaces/include/interfaces/interfaces/msg
[0.266s] -- Up-to-date: /home/fyier/thesis/ros_ws/install/interfaces/include/interfaces/interfaces/msg/rosidl_typesupport_fastrtps_cpp__visibility_control.h
[0.266s] -- Up-to-date: /home/fyier/thesis/ros_ws/install/interfaces/lib/libinterfaces__rosidl_typesupport_fastrtps_cpp.so
[0.266s] -- Up-to-date: /home/fyier/thesis/ros_ws/install/interfaces/include/interfaces/interfaces
[0.266s] -- Up-to-date: /home/fyier/thesis/ros_ws/install/interfaces/include/interfaces/interfaces/srv
[0.266s] -- Up-to-date: /home/fyier/thesis/ros_ws/install/interfaces/include/interfaces/interfaces/srv/detail
[0.266s] -- Up-to-date: /home/fyier/thesis/ros_ws/install/interfaces/include/interfaces/interfaces/srv/detail/chat__type_support.c
[0.266s] -- Up-to-date: /home/fyier/thesis/ros_ws/install/interfaces/include/interfaces/interfaces/srv/detail/chat__rosidl_typesupport_introspection_c.h
[0.266s] -- Up-to-date: /home/fyier/thesis/ros_ws/install/interfaces/include/interfaces/interfaces/msg
[0.266s] -- Up-to-date: /home/fyier/thesis/ros_ws/install/interfaces/include/interfaces/interfaces/msg/rosidl_typesupport_introspection_c__visibility_control.h
[0.267s] -- Up-to-date: /home/fyier/thesis/ros_ws/install/interfaces/lib/libinterfaces__rosidl_typesupport_introspection_c.so
[0.267s] -- Up-to-date: /home/fyier/thesis/ros_ws/install/interfaces/lib/libinterfaces__rosidl_typesupport_c.so
[0.267s] -- Up-to-date: /home/fyier/thesis/ros_ws/install/interfaces/include/interfaces/interfaces
[0.267s] -- Up-to-date: /home/fyier/thesis/ros_ws/install/interfaces/include/interfaces/interfaces/srv
[0.267s] -- Up-to-date: /home/fyier/thesis/ros_ws/install/interfaces/include/interfaces/interfaces/srv/detail
[0.267s] -- Up-to-date: /home/fyier/thesis/ros_ws/install/interfaces/include/interfaces/interfaces/srv/detail/chat__rosidl_typesupport_introspection_cpp.hpp
[0.267s] -- Up-to-date: /home/fyier/thesis/ros_ws/install/interfaces/include/interfaces/interfaces/srv/detail/chat__type_support.cpp
[0.268s] -- Up-to-date: /home/fyier/thesis/ros_ws/install/interfaces/lib/libinterfaces__rosidl_typesupport_introspection_cpp.so
[0.268s] -- Up-to-date: /home/fyier/thesis/ros_ws/install/interfaces/lib/libinterfaces__rosidl_typesupport_cpp.so
[0.269s] -- Up-to-date: /home/fyier/thesis/ros_ws/install/interfaces/share/interfaces/environment/pythonpath.sh
[0.269s] -- Up-to-date: /home/fyier/thesis/ros_ws/install/interfaces/share/interfaces/environment/pythonpath.dsv
[0.269s] -- Up-to-date: /home/fyier/thesis/ros_ws/install/interfaces/local/lib/python3.10/dist-packages/interfaces-0.0.0-py3.10.egg-info
[0.269s] -- Installing: /home/fyier/thesis/ros_ws/install/interfaces/local/lib/python3.10/dist-packages/interfaces-0.0.0-py3.10.egg-info/PKG-INFO
[0.269s] -- Installing: /home/fyier/thesis/ros_ws/install/interfaces/local/lib/python3.10/dist-packages/interfaces-0.0.0-py3.10.egg-info/top_level.txt
[0.269s] -- Installing: /home/fyier/thesis/ros_ws/install/interfaces/local/lib/python3.10/dist-packages/interfaces-0.0.0-py3.10.egg-info/SOURCES.txt
[0.269s] -- Installing: /home/fyier/thesis/ros_ws/install/interfaces/local/lib/python3.10/dist-packages/interfaces-0.0.0-py3.10.egg-info/dependency_links.txt
[0.269s] -- Up-to-date: /home/fyier/thesis/ros_ws/install/interfaces/local/lib/python3.10/dist-packages/interfaces
[0.269s] -- Up-to-date: /home/fyier/thesis/ros_ws/install/interfaces/local/lib/python3.10/dist-packages/interfaces/srv
[0.269s] -- Up-to-date: /home/fyier/thesis/ros_ws/install/interfaces/local/lib/python3.10/dist-packages/interfaces/srv/__init__.py
[0.269s] -- Up-to-date: /home/fyier/thesis/ros_ws/install/interfaces/local/lib/python3.10/dist-packages/interfaces/srv/_chat_s.c
[0.269s] -- Up-to-date: /home/fyier/thesis/ros_ws/install/interfaces/local/lib/python3.10/dist-packages/interfaces/srv/_chat.py
[0.269s] -- Up-to-date: /home/fyier/thesis/ros_ws/install/interfaces/local/lib/python3.10/dist-packages/interfaces/interfaces_s__rosidl_typesupport_introspection_c.cpython-310-aarch64-linux-gnu.so
[0.269s] -- Up-to-date: /home/fyier/thesis/ros_ws/install/interfaces/local/lib/python3.10/dist-packages/interfaces/libinterfaces__rosidl_generator_py.so
[0.269s] -- Up-to-date: /home/fyier/thesis/ros_ws/install/interfaces/local/lib/python3.10/dist-packages/interfaces/__init__.py
[0.269s] -- Up-to-date: /home/fyier/thesis/ros_ws/install/interfaces/local/lib/python3.10/dist-packages/interfaces/_interfaces_s.ep.rosidl_typesupport_introspection_c.c
[0.269s] -- Up-to-date: /home/fyier/thesis/ros_ws/install/interfaces/local/lib/python3.10/dist-packages/interfaces/_interfaces_s.ep.rosidl_typesupport_c.c
[0.269s] -- Up-to-date: /home/fyier/thesis/ros_ws/install/interfaces/local/lib/python3.10/dist-packages/interfaces/interfaces_s__rosidl_typesupport_fastrtps_c.cpython-310-aarch64-linux-gnu.so
[0.269s] -- Up-to-date: /home/fyier/thesis/ros_ws/install/interfaces/local/lib/python3.10/dist-packages/interfaces/interfaces_s__rosidl_typesupport_c.cpython-310-aarch64-linux-gnu.so
[0.269s] -- Up-to-date: /home/fyier/thesis/ros_ws/install/interfaces/local/lib/python3.10/dist-packages/interfaces/_interfaces_s.ep.rosidl_typesupport_fastrtps_c.c
[0.285s] Listing '/home/fyier/thesis/ros_ws/install/interfaces/local/lib/python3.10/dist-packages/interfaces'...
[0.285s] Listing '/home/fyier/thesis/ros_ws/install/interfaces/local/lib/python3.10/dist-packages/interfaces/srv'...
[0.288s] -- Up-to-date: /home/fyier/thesis/ros_ws/install/interfaces/local/lib/python3.10/dist-packages/interfaces/interfaces_s__rosidl_typesupport_fastrtps_c.cpython-310-aarch64-linux-gnu.so
[0.288s] -- Up-to-date: /home/fyier/thesis/ros_ws/install/interfaces/local/lib/python3.10/dist-packages/interfaces/interfaces_s__rosidl_typesupport_introspection_c.cpython-310-aarch64-linux-gnu.so
[0.288s] -- Up-to-date: /home/fyier/thesis/ros_ws/install/interfaces/local/lib/python3.10/dist-packages/interfaces/interfaces_s__rosidl_typesupport_c.cpython-310-aarch64-linux-gnu.so
[0.288s] -- Up-to-date: /home/fyier/thesis/ros_ws/install/interfaces/lib/libinterfaces__rosidl_generator_py.so
[0.289s] -- Up-to-date: /home/fyier/thesis/ros_ws/install/interfaces/share/interfaces/srv/Chat.idl
[0.289s] -- Up-to-date: /home/fyier/thesis/ros_ws/install/interfaces/share/interfaces/srv/Chat.srv
[0.289s] -- Up-to-date: /home/fyier/thesis/ros_ws/install/interfaces/share/interfaces/srv/Chat_Request.msg
[0.289s] -- Up-to-date: /home/fyier/thesis/ros_ws/install/interfaces/share/interfaces/srv/Chat_Response.msg
[0.289s] -- Up-to-date: /home/fyier/thesis/ros_ws/install/interfaces/share/ament_index/resource_index/package_run_dependencies/interfaces
[0.289s] -- Up-to-date: /home/fyier/thesis/ros_ws/install/interfaces/share/ament_index/resource_index/parent_prefix_path/interfaces
[0.289s] -- Up-to-date: /home/fyier/thesis/ros_ws/install/interfaces/share/interfaces/environment/ament_prefix_path.sh
[0.289s] -- Up-to-date: /home/fyier/thesis/ros_ws/install/interfaces/share/interfaces/environment/ament_prefix_path.dsv
[0.289s] -- Up-to-date: /home/fyier/thesis/ros_ws/install/interfaces/share/interfaces/environment/path.sh
[0.289s] -- Up-to-date: /home/fyier/thesis/ros_ws/install/interfaces/share/interfaces/environment/path.dsv
[0.289s] -- Up-to-date: /home/fyier/thesis/ros_ws/install/interfaces/share/interfaces/local_setup.bash
[0.289s] -- Up-to-date: /home/fyier/thesis/ros_ws/install/interfaces/share/interfaces/local_setup.sh
[0.289s] -- Up-to-date: /home/fyier/thesis/ros_ws/install/interfaces/share/interfaces/local_setup.zsh
[0.289s] -- Up-to-date: /home/fyier/thesis/ros_ws/install/interfaces/share/interfaces/local_setup.dsv
[0.289s] -- Installing: /home/fyier/thesis/ros_ws/install/interfaces/share/interfaces/package.dsv
[0.289s] -- Up-to-date: /home/fyier/thesis/ros_ws/install/interfaces/share/ament_index/resource_index/packages/interfaces
[0.290s] -- Up-to-date: /home/fyier/thesis/ros_ws/install/interfaces/share/interfaces/cmake/export_interfaces__rosidl_generator_cExport.cmake
[0.290s] -- Up-to-date: /home/fyier/thesis/ros_ws/install/interfaces/share/interfaces/cmake/export_interfaces__rosidl_generator_cExport-noconfig.cmake
[0.290s] -- Up-to-date: /home/fyier/thesis/ros_ws/install/interfaces/share/interfaces/cmake/export_interfaces__rosidl_typesupport_fastrtps_cExport.cmake
[0.290s] -- Up-to-date: /home/fyier/thesis/ros_ws/install/interfaces/share/interfaces/cmake/export_interfaces__rosidl_typesupport_fastrtps_cExport-noconfig.cmake
[0.290s] -- Up-to-date: /home/fyier/thesis/ros_ws/install/interfaces/share/interfaces/cmake/export_interfaces__rosidl_generator_cppExport.cmake
[0.291s] -- Up-to-date: /home/fyier/thesis/ros_ws/install/interfaces/share/interfaces/cmake/export_interfaces__rosidl_typesupport_fastrtps_cppExport.cmake
[0.291s] -- Up-to-date: /home/fyier/thesis/ros_ws/install/interfaces/share/interfaces/cmake/export_interfaces__rosidl_typesupport_fastrtps_cppExport-noconfig.cmake
[0.291s] -- Up-to-date: /home/fyier/thesis/ros_ws/install/interfaces/share/interfaces/cmake/interfaces__rosidl_typesupport_introspection_cExport.cmake
[0.291s] -- Up-to-date: /home/fyier/thesis/ros_ws/install/interfaces/share/interfaces/cmake/interfaces__rosidl_typesupport_introspection_cExport-noconfig.cmake
[0.292s] -- Up-to-date: /home/fyier/thesis/ros_ws/install/interfaces/share/interfaces/cmake/interfaces__rosidl_typesupport_cExport.cmake
[0.292s] -- Up-to-date: /home/fyier/thesis/ros_ws/install/interfaces/share/interfaces/cmake/interfaces__rosidl_typesupport_cExport-noconfig.cmake
[0.292s] -- Up-to-date: /home/fyier/thesis/ros_ws/install/interfaces/share/interfaces/cmake/interfaces__rosidl_typesupport_introspection_cppExport.cmake
[0.292s] -- Up-to-date: /home/fyier/thesis/ros_ws/install/interfaces/share/interfaces/cmake/interfaces__rosidl_typesupport_introspection_cppExport-noconfig.cmake
[0.293s] -- Up-to-date: /home/fyier/thesis/ros_ws/install/interfaces/share/interfaces/cmake/interfaces__rosidl_typesupport_cppExport.cmake
[0.293s] -- Up-to-date: /home/fyier/thesis/ros_ws/install/interfaces/share/interfaces/cmake/interfaces__rosidl_typesupport_cppExport-noconfig.cmake
[0.293s] -- Up-to-date: /home/fyier/thesis/ros_ws/install/interfaces/share/interfaces/cmake/export_interfaces__rosidl_generator_pyExport.cmake
[0.293s] -- Up-to-date: /home/fyier/thesis/ros_ws/install/interfaces/share/interfaces/cmake/export_interfaces__rosidl_generator_pyExport-noconfig.cmake
[0.293s] -- Up-to-date: /home/fyier/thesis/ros_ws/install/interfaces/share/interfaces/cmake/rosidl_cmake-extras.cmake
[0.293s] -- Up-to-date: /home/fyier/thesis/ros_ws/install/interfaces/share/interfaces/cmake/ament_cmake_export_dependencies-extras.cmake
[0.293s] -- Up-to-date: /home/fyier/thesis/ros_ws/install/interfaces/share/interfaces/cmake/ament_cmake_export_include_directories-extras.cmake
[0.293s] -- Up-to-date: /home/fyier/thesis/ros_ws/install/interfaces/share/interfaces/cmake/ament_cmake_export_libraries-extras.cmake
[0.293s] -- Up-to-date: /home/fyier/thesis/ros_ws/install/interfaces/share/interfaces/cmake/ament_cmake_export_targets-extras.cmake
[0.293s] -- Up-to-date: /home/fyier/thesis/ros_ws/install/interfaces/share/interfaces/cmake/rosidl_cmake_export_typesupport_targets-extras.cmake
[0.293s] -- Up-to-date: /home/fyier/thesis/ros_ws/install/interfaces/share/interfaces/cmake/rosidl_cmake_export_typesupport_libraries-extras.cmake
[0.293s] -- Up-to-date: /home/fyier/thesis/ros_ws/install/interfaces/share/interfaces/cmake/interfacesConfig.cmake
[0.293s] -- Up-to-date: /home/fyier/thesis/ros_ws/install/interfaces/share/interfaces/cmake/interfacesConfig-version.cmake
[0.293s] -- Up-to-date: /home/fyier/thesis/ros_ws/install/interfaces/share/interfaces/package.xml
[0.295s] Invoked command in '/home/fyier/thesis/ros_ws/build/interfaces' returned '0': CMAKE_PREFIX_PATH=${CMAKE_PREFIX_PATH}:/home/fyier/thesis/ros_ws/install/chat_service:/opt/ros/humble /usr/bin/cmake --install /home/fyier/thesis/ros_ws/build/interfaces
