[0.007s] Invoking command in '/home/fyier/thesis/ros_ws/build/interfaces': CMAKE_PREFIX_PATH=${CMAKE_PREFIX_PATH}:/home/fyier/thesis/ros_ws/install/chat_service:/opt/ros/humble /usr/bin/cmake --build /home/fyier/thesis/ros_ws/build/interfaces -- -j4 -l4
[0.036s] [  3%] Built target interfaces__cpp
[0.044s] [ 12%] Built target interfaces__rosidl_generator_c
[0.046s] [ 22%] Built target interfaces__rosidl_typesupport_cpp
[0.046s] [ 32%] Built target interfaces__rosidl_typesupport_fastrtps_cpp
[0.049s] [ 32%] Built target ament_cmake_python_copy_interfaces
[0.055s] [ 51%] Built target interfaces__rosidl_typesupport_introspection_cpp
[0.055s] [ 51%] Built target interfaces__rosidl_typesupport_introspection_c
[0.055s] [ 61%] Built target interfaces__rosidl_typesupport_fastrtps_c
[0.059s] [ 70%] Built target interfaces__rosidl_typesupport_c
[0.066s] [ 70%] Built target interfaces
[0.074s] [ 74%] Built target interfaces__py
[0.083s] [ 80%] Built target interfaces__rosidl_generator_py
[0.092s] [ 87%] Built target interfaces__rosidl_typesupport_fastrtps_c__pyext
[0.092s] [ 93%] Built target interfaces__rosidl_typesupport_c__pyext
[0.093s] [100%] Built target interfaces__rosidl_typesupport_introspection_c__pyext
[0.162s] running egg_info
[0.163s] writing interfaces.egg-info/PKG-INFO
[0.163s] writing dependency_links to interfaces.egg-info/dependency_links.txt
[0.163s] writing top-level names to interfaces.egg-info/top_level.txt
[0.164s] reading manifest file 'interfaces.egg-info/SOURCES.txt'
[0.164s] writing manifest file 'interfaces.egg-info/SOURCES.txt'
[0.176s] [100%] Built target ament_cmake_python_build_interfaces_egg
[0.181s] Invoked command in '/home/fyier/thesis/ros_ws/build/interfaces' returned '0': CMAKE_PREFIX_PATH=${CMAKE_PREFIX_PATH}:/home/fyier/thesis/ros_ws/install/chat_service:/opt/ros/humble /usr/bin/cmake --build /home/fyier/thesis/ros_ws/build/interfaces -- -j4 -l4
[0.207s] Invoking command in '/home/fyier/thesis/ros_ws/build/interfaces': CMAKE_PREFIX_PATH=${CMAKE_PREFIX_PATH}:/home/fyier/thesis/ros_ws/install/chat_service:/opt/ros/humble /usr/bin/cmake --install /home/fyier/thesis/ros_ws/build/interfaces
[0.210s] -- Install configuration: ""
[0.210s] -- Up-to-date: /home/fyier/thesis/ros_ws/install/interfaces/share/ament_index/resource_index/rosidl_interfaces/interfaces
[0.211s] -- Up-to-date: /home/fyier/thesis/ros_ws/install/interfaces/include/interfaces/interfaces
[0.211s] -- Up-to-date: /home/fyier/thesis/ros_ws/install/interfaces/include/interfaces/interfaces/srv
[0.211s] -- Up-to-date: /home/fyier/thesis/ros_ws/install/interfaces/include/interfaces/interfaces/srv/detail
[0.211s] -- Up-to-date: /home/fyier/thesis/ros_ws/install/interfaces/include/interfaces/interfaces/srv/detail/chat__functions.h
[0.211s] -- Up-to-date: /home/fyier/thesis/ros_ws/install/interfaces/include/interfaces/interfaces/srv/detail/chat__functions.c
[0.211s] -- Up-to-date: /home/fyier/thesis/ros_ws/install/interfaces/include/interfaces/interfaces/srv/detail/chat__type_support.h
[0.211s] -- Up-to-date: /home/fyier/thesis/ros_ws/install/interfaces/include/interfaces/interfaces/srv/detail/chat__struct.h
[0.211s] -- Up-to-date: /home/fyier/thesis/ros_ws/install/interfaces/include/interfaces/interfaces/srv/chat.h
[0.211s] -- Up-to-date: /home/fyier/thesis/ros_ws/install/interfaces/include/interfaces/interfaces/msg
[0.211s] -- Up-to-date: /home/fyier/thesis/ros_ws/install/interfaces/include/interfaces/interfaces/msg/rosidl_generator_c__visibility_control.h
[0.211s] -- Up-to-date: /home/fyier/thesis/ros_ws/install/interfaces/share/interfaces/environment/library_path.sh
[0.211s] -- Up-to-date: /home/fyier/thesis/ros_ws/install/interfaces/share/interfaces/environment/library_path.dsv
[0.211s] -- Up-to-date: /home/fyier/thesis/ros_ws/install/interfaces/lib/libinterfaces__rosidl_generator_c.so
[0.211s] -- Up-to-date: /home/fyier/thesis/ros_ws/install/interfaces/include/interfaces/interfaces
[0.211s] -- Up-to-date: /home/fyier/thesis/ros_ws/install/interfaces/include/interfaces/interfaces/srv
[0.211s] -- Up-to-date: /home/fyier/thesis/ros_ws/install/interfaces/include/interfaces/interfaces/srv/detail
[0.211s] -- Up-to-date: /home/fyier/thesis/ros_ws/install/interfaces/include/interfaces/interfaces/srv/detail/chat__rosidl_typesupport_fastrtps_c.h
[0.211s] -- Up-to-date: /home/fyier/thesis/ros_ws/install/interfaces/include/interfaces/interfaces/msg
[0.211s] -- Up-to-date: /home/fyier/thesis/ros_ws/install/interfaces/include/interfaces/interfaces/msg/rosidl_typesupport_fastrtps_c__visibility_control.h
[0.211s] -- Up-to-date: /home/fyier/thesis/ros_ws/install/interfaces/lib/libinterfaces__rosidl_typesupport_fastrtps_c.so
[0.211s] -- Up-to-date: /home/fyier/thesis/ros_ws/install/interfaces/include/interfaces/interfaces
[0.211s] -- Up-to-date: /home/fyier/thesis/ros_ws/install/interfaces/include/interfaces/interfaces/srv
[0.211s] -- Up-to-date: /home/fyier/thesis/ros_ws/install/interfaces/include/interfaces/interfaces/srv/detail
[0.211s] -- Up-to-date: /home/fyier/thesis/ros_ws/install/interfaces/include/interfaces/interfaces/srv/detail/chat__struct.hpp
[0.211s] -- Up-to-date: /home/fyier/thesis/ros_ws/install/interfaces/include/interfaces/interfaces/srv/detail/chat__traits.hpp
[0.211s] -- Up-to-date: /home/fyier/thesis/ros_ws/install/interfaces/include/interfaces/interfaces/srv/detail/chat__builder.hpp
[0.211s] -- Up-to-date: /home/fyier/thesis/ros_ws/install/interfaces/include/interfaces/interfaces/srv/chat.hpp
[0.212s] -- Up-to-date: /home/fyier/thesis/ros_ws/install/interfaces/include/interfaces/interfaces
[0.212s] -- Up-to-date: /home/fyier/thesis/ros_ws/install/interfaces/include/interfaces/interfaces/srv
[0.212s] -- Up-to-date: /home/fyier/thesis/ros_ws/install/interfaces/include/interfaces/interfaces/srv/detail
[0.212s] -- Up-to-date: /home/fyier/thesis/ros_ws/install/interfaces/include/interfaces/interfaces/srv/detail/chat__rosidl_typesupport_fastrtps_cpp.hpp
[0.212s] -- Up-to-date: /home/fyier/thesis/ros_ws/install/interfaces/include/interfaces/interfaces/srv/detail/dds_fastrtps
[0.212s] -- Up-to-date: /home/fyier/thesis/ros_ws/install/interfaces/include/interfaces/interfaces/msg
[0.212s] -- Up-to-date: /home/fyier/thesis/ros_ws/install/interfaces/include/interfaces/interfaces/msg/rosidl_typesupport_fastrtps_cpp__visibility_control.h
[0.212s] -- Up-to-date: /home/fyier/thesis/ros_ws/install/interfaces/lib/libinterfaces__rosidl_typesupport_fastrtps_cpp.so
[0.212s] -- Up-to-date: /home/fyier/thesis/ros_ws/install/interfaces/include/interfaces/interfaces
[0.212s] -- Up-to-date: /home/fyier/thesis/ros_ws/install/interfaces/include/interfaces/interfaces/srv
[0.212s] -- Up-to-date: /home/fyier/thesis/ros_ws/install/interfaces/include/interfaces/interfaces/srv/detail
[0.212s] -- Up-to-date: /home/fyier/thesis/ros_ws/install/interfaces/include/interfaces/interfaces/srv/detail/chat__type_support.c
[0.212s] -- Up-to-date: /home/fyier/thesis/ros_ws/install/interfaces/include/interfaces/interfaces/srv/detail/chat__rosidl_typesupport_introspection_c.h
[0.212s] -- Up-to-date: /home/fyier/thesis/ros_ws/install/interfaces/include/interfaces/interfaces/msg
[0.212s] -- Up-to-date: /home/fyier/thesis/ros_ws/install/interfaces/include/interfaces/interfaces/msg/rosidl_typesupport_introspection_c__visibility_control.h
[0.212s] -- Up-to-date: /home/fyier/thesis/ros_ws/install/interfaces/lib/libinterfaces__rosidl_typesupport_introspection_c.so
[0.212s] -- Up-to-date: /home/fyier/thesis/ros_ws/install/interfaces/lib/libinterfaces__rosidl_typesupport_c.so
[0.212s] -- Up-to-date: /home/fyier/thesis/ros_ws/install/interfaces/include/interfaces/interfaces
[0.212s] -- Up-to-date: /home/fyier/thesis/ros_ws/install/interfaces/include/interfaces/interfaces/srv
[0.212s] -- Up-to-date: /home/fyier/thesis/ros_ws/install/interfaces/include/interfaces/interfaces/srv/detail
[0.212s] -- Up-to-date: /home/fyier/thesis/ros_ws/install/interfaces/include/interfaces/interfaces/srv/detail/chat__rosidl_typesupport_introspection_cpp.hpp
[0.212s] -- Up-to-date: /home/fyier/thesis/ros_ws/install/interfaces/include/interfaces/interfaces/srv/detail/chat__type_support.cpp
[0.212s] -- Up-to-date: /home/fyier/thesis/ros_ws/install/interfaces/lib/libinterfaces__rosidl_typesupport_introspection_cpp.so
[0.212s] -- Up-to-date: /home/fyier/thesis/ros_ws/install/interfaces/lib/libinterfaces__rosidl_typesupport_cpp.so
[0.212s] -- Up-to-date: /home/fyier/thesis/ros_ws/install/interfaces/share/interfaces/environment/pythonpath.sh
[0.212s] -- Up-to-date: /home/fyier/thesis/ros_ws/install/interfaces/share/interfaces/environment/pythonpath.dsv
[0.212s] -- Up-to-date: /home/fyier/thesis/ros_ws/install/interfaces/local/lib/python3.10/dist-packages/interfaces-0.0.0-py3.10.egg-info
[0.212s] -- Installing: /home/fyier/thesis/ros_ws/install/interfaces/local/lib/python3.10/dist-packages/interfaces-0.0.0-py3.10.egg-info/PKG-INFO
[0.213s] -- Installing: /home/fyier/thesis/ros_ws/install/interfaces/local/lib/python3.10/dist-packages/interfaces-0.0.0-py3.10.egg-info/top_level.txt
[0.213s] -- Installing: /home/fyier/thesis/ros_ws/install/interfaces/local/lib/python3.10/dist-packages/interfaces-0.0.0-py3.10.egg-info/SOURCES.txt
[0.213s] -- Installing: /home/fyier/thesis/ros_ws/install/interfaces/local/lib/python3.10/dist-packages/interfaces-0.0.0-py3.10.egg-info/dependency_links.txt
[0.213s] -- Up-to-date: /home/fyier/thesis/ros_ws/install/interfaces/local/lib/python3.10/dist-packages/interfaces
[0.213s] -- Up-to-date: /home/fyier/thesis/ros_ws/install/interfaces/local/lib/python3.10/dist-packages/interfaces/srv
[0.213s] -- Up-to-date: /home/fyier/thesis/ros_ws/install/interfaces/local/lib/python3.10/dist-packages/interfaces/srv/__init__.py
[0.213s] -- Up-to-date: /home/fyier/thesis/ros_ws/install/interfaces/local/lib/python3.10/dist-packages/interfaces/srv/_chat_s.c
[0.213s] -- Up-to-date: /home/fyier/thesis/ros_ws/install/interfaces/local/lib/python3.10/dist-packages/interfaces/srv/_chat.py
[0.213s] -- Up-to-date: /home/fyier/thesis/ros_ws/install/interfaces/local/lib/python3.10/dist-packages/interfaces/interfaces_s__rosidl_typesupport_introspection_c.cpython-310-aarch64-linux-gnu.so
[0.213s] -- Up-to-date: /home/fyier/thesis/ros_ws/install/interfaces/local/lib/python3.10/dist-packages/interfaces/libinterfaces__rosidl_generator_py.so
[0.213s] -- Up-to-date: /home/fyier/thesis/ros_ws/install/interfaces/local/lib/python3.10/dist-packages/interfaces/__init__.py
[0.213s] -- Up-to-date: /home/fyier/thesis/ros_ws/install/interfaces/local/lib/python3.10/dist-packages/interfaces/_interfaces_s.ep.rosidl_typesupport_introspection_c.c
[0.213s] -- Up-to-date: /home/fyier/thesis/ros_ws/install/interfaces/local/lib/python3.10/dist-packages/interfaces/_interfaces_s.ep.rosidl_typesupport_c.c
[0.213s] -- Up-to-date: /home/fyier/thesis/ros_ws/install/interfaces/local/lib/python3.10/dist-packages/interfaces/interfaces_s__rosidl_typesupport_fastrtps_c.cpython-310-aarch64-linux-gnu.so
[0.213s] -- Up-to-date: /home/fyier/thesis/ros_ws/install/interfaces/local/lib/python3.10/dist-packages/interfaces/interfaces_s__rosidl_typesupport_c.cpython-310-aarch64-linux-gnu.so
[0.213s] -- Up-to-date: /home/fyier/thesis/ros_ws/install/interfaces/local/lib/python3.10/dist-packages/interfaces/_interfaces_s.ep.rosidl_typesupport_fastrtps_c.c
[0.227s] Listing '/home/fyier/thesis/ros_ws/install/interfaces/local/lib/python3.10/dist-packages/interfaces'...
[0.227s] Listing '/home/fyier/thesis/ros_ws/install/interfaces/local/lib/python3.10/dist-packages/interfaces/srv'...
[0.230s] -- Up-to-date: /home/fyier/thesis/ros_ws/install/interfaces/local/lib/python3.10/dist-packages/interfaces/interfaces_s__rosidl_typesupport_fastrtps_c.cpython-310-aarch64-linux-gnu.so
[0.230s] -- Up-to-date: /home/fyier/thesis/ros_ws/install/interfaces/local/lib/python3.10/dist-packages/interfaces/interfaces_s__rosidl_typesupport_introspection_c.cpython-310-aarch64-linux-gnu.so
[0.230s] -- Up-to-date: /home/fyier/thesis/ros_ws/install/interfaces/local/lib/python3.10/dist-packages/interfaces/interfaces_s__rosidl_typesupport_c.cpython-310-aarch64-linux-gnu.so
[0.230s] -- Up-to-date: /home/fyier/thesis/ros_ws/install/interfaces/lib/libinterfaces__rosidl_generator_py.so
[0.230s] -- Up-to-date: /home/fyier/thesis/ros_ws/install/interfaces/share/interfaces/srv/Chat.idl
[0.230s] -- Up-to-date: /home/fyier/thesis/ros_ws/install/interfaces/share/interfaces/srv/Chat.srv
[0.231s] -- Up-to-date: /home/fyier/thesis/ros_ws/install/interfaces/share/interfaces/srv/Chat_Request.msg
[0.231s] -- Up-to-date: /home/fyier/thesis/ros_ws/install/interfaces/share/interfaces/srv/Chat_Response.msg
[0.231s] -- Up-to-date: /home/fyier/thesis/ros_ws/install/interfaces/share/ament_index/resource_index/package_run_dependencies/interfaces
[0.231s] -- Up-to-date: /home/fyier/thesis/ros_ws/install/interfaces/share/ament_index/resource_index/parent_prefix_path/interfaces
[0.231s] -- Up-to-date: /home/fyier/thesis/ros_ws/install/interfaces/share/interfaces/environment/ament_prefix_path.sh
[0.231s] -- Up-to-date: /home/fyier/thesis/ros_ws/install/interfaces/share/interfaces/environment/ament_prefix_path.dsv
[0.231s] -- Up-to-date: /home/fyier/thesis/ros_ws/install/interfaces/share/interfaces/environment/path.sh
[0.231s] -- Up-to-date: /home/fyier/thesis/ros_ws/install/interfaces/share/interfaces/environment/path.dsv
[0.231s] -- Up-to-date: /home/fyier/thesis/ros_ws/install/interfaces/share/interfaces/local_setup.bash
[0.231s] -- Up-to-date: /home/fyier/thesis/ros_ws/install/interfaces/share/interfaces/local_setup.sh
[0.231s] -- Up-to-date: /home/fyier/thesis/ros_ws/install/interfaces/share/interfaces/local_setup.zsh
[0.231s] -- Up-to-date: /home/fyier/thesis/ros_ws/install/interfaces/share/interfaces/local_setup.dsv
[0.231s] -- Installing: /home/fyier/thesis/ros_ws/install/interfaces/share/interfaces/package.dsv
[0.231s] -- Up-to-date: /home/fyier/thesis/ros_ws/install/interfaces/share/ament_index/resource_index/packages/interfaces
[0.231s] -- Up-to-date: /home/fyier/thesis/ros_ws/install/interfaces/share/interfaces/cmake/export_interfaces__rosidl_generator_cExport.cmake
[0.231s] -- Up-to-date: /home/fyier/thesis/ros_ws/install/interfaces/share/interfaces/cmake/export_interfaces__rosidl_generator_cExport-noconfig.cmake
[0.231s] -- Up-to-date: /home/fyier/thesis/ros_ws/install/interfaces/share/interfaces/cmake/export_interfaces__rosidl_typesupport_fastrtps_cExport.cmake
[0.231s] -- Up-to-date: /home/fyier/thesis/ros_ws/install/interfaces/share/interfaces/cmake/export_interfaces__rosidl_typesupport_fastrtps_cExport-noconfig.cmake
[0.232s] -- Up-to-date: /home/fyier/thesis/ros_ws/install/interfaces/share/interfaces/cmake/export_interfaces__rosidl_generator_cppExport.cmake
[0.232s] -- Up-to-date: /home/fyier/thesis/ros_ws/install/interfaces/share/interfaces/cmake/export_interfaces__rosidl_typesupport_fastrtps_cppExport.cmake
[0.232s] -- Up-to-date: /home/fyier/thesis/ros_ws/install/interfaces/share/interfaces/cmake/export_interfaces__rosidl_typesupport_fastrtps_cppExport-noconfig.cmake
[0.232s] -- Up-to-date: /home/fyier/thesis/ros_ws/install/interfaces/share/interfaces/cmake/interfaces__rosidl_typesupport_introspection_cExport.cmake
[0.232s] -- Up-to-date: /home/fyier/thesis/ros_ws/install/interfaces/share/interfaces/cmake/interfaces__rosidl_typesupport_introspection_cExport-noconfig.cmake
[0.232s] -- Up-to-date: /home/fyier/thesis/ros_ws/install/interfaces/share/interfaces/cmake/interfaces__rosidl_typesupport_cExport.cmake
[0.232s] -- Up-to-date: /home/fyier/thesis/ros_ws/install/interfaces/share/interfaces/cmake/interfaces__rosidl_typesupport_cExport-noconfig.cmake
[0.232s] -- Up-to-date: /home/fyier/thesis/ros_ws/install/interfaces/share/interfaces/cmake/interfaces__rosidl_typesupport_introspection_cppExport.cmake
[0.232s] -- Up-to-date: /home/fyier/thesis/ros_ws/install/interfaces/share/interfaces/cmake/interfaces__rosidl_typesupport_introspection_cppExport-noconfig.cmake
[0.232s] -- Up-to-date: /home/fyier/thesis/ros_ws/install/interfaces/share/interfaces/cmake/interfaces__rosidl_typesupport_cppExport.cmake
[0.232s] -- Up-to-date: /home/fyier/thesis/ros_ws/install/interfaces/share/interfaces/cmake/interfaces__rosidl_typesupport_cppExport-noconfig.cmake
[0.232s] -- Up-to-date: /home/fyier/thesis/ros_ws/install/interfaces/share/interfaces/cmake/export_interfaces__rosidl_generator_pyExport.cmake
[0.232s] -- Up-to-date: /home/fyier/thesis/ros_ws/install/interfaces/share/interfaces/cmake/export_interfaces__rosidl_generator_pyExport-noconfig.cmake
[0.232s] -- Up-to-date: /home/fyier/thesis/ros_ws/install/interfaces/share/interfaces/cmake/rosidl_cmake-extras.cmake
[0.232s] -- Up-to-date: /home/fyier/thesis/ros_ws/install/interfaces/share/interfaces/cmake/ament_cmake_export_dependencies-extras.cmake
[0.232s] -- Up-to-date: /home/fyier/thesis/ros_ws/install/interfaces/share/interfaces/cmake/ament_cmake_export_include_directories-extras.cmake
[0.232s] -- Up-to-date: /home/fyier/thesis/ros_ws/install/interfaces/share/interfaces/cmake/ament_cmake_export_libraries-extras.cmake
[0.232s] -- Up-to-date: /home/fyier/thesis/ros_ws/install/interfaces/share/interfaces/cmake/ament_cmake_export_targets-extras.cmake
[0.232s] -- Up-to-date: /home/fyier/thesis/ros_ws/install/interfaces/share/interfaces/cmake/rosidl_cmake_export_typesupport_targets-extras.cmake
[0.232s] -- Up-to-date: /home/fyier/thesis/ros_ws/install/interfaces/share/interfaces/cmake/rosidl_cmake_export_typesupport_libraries-extras.cmake
[0.232s] -- Up-to-date: /home/fyier/thesis/ros_ws/install/interfaces/share/interfaces/cmake/interfacesConfig.cmake
[0.232s] -- Up-to-date: /home/fyier/thesis/ros_ws/install/interfaces/share/interfaces/cmake/interfacesConfig-version.cmake
[0.232s] -- Up-to-date: /home/fyier/thesis/ros_ws/install/interfaces/share/interfaces/package.xml
[0.233s] Invoked command in '/home/fyier/thesis/ros_ws/build/interfaces' returned '0': CMAKE_PREFIX_PATH=${CMAKE_PREFIX_PATH}:/home/fyier/thesis/ros_ws/install/chat_service:/opt/ros/humble /usr/bin/cmake --install /home/fyier/thesis/ros_ws/build/interfaces
