[0.258s] Invoking command in '/home/fyier/thesis/ros_ws/src/chat_service': PYTHONPATH=/home/fyier/thesis/ros_ws/build/chat_service/prefix_override:/usr/lib/python3/dist-packages/colcon_core/task/python/colcon_distutils_commands:/home/fyier/thesis/ros_ws/install/chat_service/lib/python3.10/site-packages:${PYTHONPATH} /usr/bin/python3 -W ignore:setup.py install is deprecated setup.py egg_info --egg-base ../../build/chat_service build --build-base /home/fyier/thesis/ros_ws/build/chat_service/build install --record /home/fyier/thesis/ros_ws/build/chat_service/install.log --single-version-externally-managed install_data
[0.349s] running egg_info
[0.349s] creating ../../build/chat_service/chat_service.egg-info
[0.349s] writing ../../build/chat_service/chat_service.egg-info/PKG-INFO
[0.350s] writing dependency_links to ../../build/chat_service/chat_service.egg-info/dependency_links.txt
[0.350s] writing entry points to ../../build/chat_service/chat_service.egg-info/entry_points.txt
[0.350s] writing requirements to ../../build/chat_service/chat_service.egg-info/requires.txt
[0.350s] writing top-level names to ../../build/chat_service/chat_service.egg-info/top_level.txt
[0.350s] writing manifest file '../../build/chat_service/chat_service.egg-info/SOURCES.txt'
[0.350s] reading manifest file '../../build/chat_service/chat_service.egg-info/SOURCES.txt'
[0.351s] writing manifest file '../../build/chat_service/chat_service.egg-info/SOURCES.txt'
[0.351s] running build
[0.351s] running build_py
[0.351s] creating /home/fyier/thesis/ros_ws/build/chat_service/build
[0.351s] creating /home/fyier/thesis/ros_ws/build/chat_service/build/lib
[0.351s] creating /home/fyier/thesis/ros_ws/build/chat_service/build/lib/chat_service
[0.351s] copying chat_service/chat_service_node.py -> /home/fyier/thesis/ros_ws/build/chat_service/build/lib/chat_service
[0.351s] copying chat_service/__init__.py -> /home/fyier/thesis/ros_ws/build/chat_service/build/lib/chat_service
[0.351s] running install
[0.351s] running install_lib
[0.352s] creating /home/fyier/thesis/ros_ws/install/chat_service/lib/python3.10/site-packages/chat_service
[0.352s] copying /home/fyier/thesis/ros_ws/build/chat_service/build/lib/chat_service/chat_service_node.py -> /home/fyier/thesis/ros_ws/install/chat_service/lib/python3.10/site-packages/chat_service
[0.352s] copying /home/fyier/thesis/ros_ws/build/chat_service/build/lib/chat_service/__init__.py -> /home/fyier/thesis/ros_ws/install/chat_service/lib/python3.10/site-packages/chat_service
[0.352s] byte-compiling /home/fyier/thesis/ros_ws/install/chat_service/lib/python3.10/site-packages/chat_service/chat_service_node.py to chat_service_node.cpython-310.pyc
[0.353s] byte-compiling /home/fyier/thesis/ros_ws/install/chat_service/lib/python3.10/site-packages/chat_service/__init__.py to __init__.cpython-310.pyc
[0.353s] running install_data
[0.353s] creating /home/fyier/thesis/ros_ws/install/chat_service/share/ament_index
[0.353s] creating /home/fyier/thesis/ros_ws/install/chat_service/share/ament_index/resource_index
[0.353s] creating /home/fyier/thesis/ros_ws/install/chat_service/share/ament_index/resource_index/packages
[0.353s] copying resource/chat_service -> /home/fyier/thesis/ros_ws/install/chat_service/share/ament_index/resource_index/packages
[0.353s] copying package.xml -> /home/fyier/thesis/ros_ws/install/chat_service/share/chat_service
[0.353s] running install_egg_info
[0.354s] Copying ../../build/chat_service/chat_service.egg-info to /home/fyier/thesis/ros_ws/install/chat_service/lib/python3.10/site-packages/chat_service-0.0.0-py3.10.egg-info
[0.354s] running install_scripts
[0.363s] Installing chat_service_node script to /home/fyier/thesis/ros_ws/install/chat_service/lib/chat_service
[0.363s] writing list of installed files to '/home/fyier/thesis/ros_ws/build/chat_service/install.log'
[0.373s] Invoked command in '/home/fyier/thesis/ros_ws/src/chat_service' returned '0': PYTHONPATH=/home/fyier/thesis/ros_ws/build/chat_service/prefix_override:/usr/lib/python3/dist-packages/colcon_core/task/python/colcon_distutils_commands:/home/fyier/thesis/ros_ws/install/chat_service/lib/python3.10/site-packages:${PYTHONPATH} /usr/bin/python3 -W ignore:setup.py install is deprecated setup.py egg_info --egg-base ../../build/chat_service build --build-base /home/fyier/thesis/ros_ws/build/chat_service/build install --record /home/fyier/thesis/ros_ws/build/chat_service/install.log --single-version-externally-managed install_data
