[0.008s] Invoking command in '/home/fyier/thesis/ros_ws/build/interfaces': CMAKE_PREFIX_PATH=${CMAKE_PREFIX_PATH}:/home/fyier/thesis/ros_ws/install/chat_service:/opt/ros/humble /usr/bin/cmake --build /home/fyier/thesis/ros_ws/build/interfaces -- -j4 -l4
[0.033s] -- Found ament_cmake: 1.3.10 (/opt/ros/humble/share/ament_cmake/cmake)
[0.116s] -- Found geometry_msgs: 4.2.4 (/opt/ros/humble/share/geometry_msgs/cmake)
[0.143s] -- Found rosidl_generator_c: 3.1.5 (/opt/ros/humble/share/rosidl_generator_c/cmake)
[0.146s] -- Found rosidl_adapter: 3.1.5 (/opt/ros/humble/share/rosidl_adapter/cmake)
[0.151s] -- Found rosidl_generator_cpp: 3.1.5 (/opt/ros/humble/share/rosidl_generator_cpp/cmake)
[0.159s] -- Using all available rosidl_typesupport_c: rosidl_typesupport_fastrtps_c;rosidl_typesupport_introspection_c
[0.168s] -- Using all available rosidl_typesupport_cpp: rosidl_typesupport_fastrtps_cpp;rosidl_typesupport_introspection_cpp
[0.195s] -- Found rosidl_default_generators: 1.2.0 (/opt/ros/humble/share/rosidl_default_generators/cmake)
[0.331s] -- Found ament_cmake_ros: 0.10.0 (/opt/ros/humble/share/ament_cmake_ros/cmake)
[0.525s] -- Using all available rosidl_typesupport_c: rosidl_typesupport_fastrtps_c;rosidl_typesupport_introspection_c
[0.599s] -- Using all available rosidl_typesupport_cpp: rosidl_typesupport_fastrtps_cpp;rosidl_typesupport_introspection_cpp
[0.612s] -- Found python_cmake_module: 0.10.0 (/opt/ros/humble/share/python_cmake_module/cmake)
[0.625s] -- Using PYTHON_EXECUTABLE: /usr/bin/python3
[0.625s] -- Using PYTHON_INCLUDE_DIRS: /usr/include/python3.10
[0.625s] -- Using PYTHON_LIBRARIES: /usr/lib/aarch64-linux-gnu/libpython3.10.so
[0.645s] -- Found ament_lint_auto: 0.12.11 (/opt/ros/humble/share/ament_lint_auto/cmake)
[0.659s] -- Added test 'lint_cmake' to check CMake code style
[0.660s] -- Added test 'xmllint' to check XML markup files
[0.662s] -- Configuring done
[0.686s] -- Generating done
[0.688s] -- Build files have been written to: /home/fyier/thesis/ros_ws/build/interfaces
[0.699s] [  3%] [34m[1mGenerating C code for ROS interfaces[0m
[0.703s] [  6%] [34m[1mGenerating C++ code for ROS interfaces[0m
[0.709s] [  6%] Built target ament_cmake_python_copy_interfaces
[0.818s] running egg_info
[0.818s] writing interfaces.egg-info/PKG-INFO
[0.818s] writing dependency_links to interfaces.egg-info/dependency_links.txt
[0.818s] writing top-level names to interfaces.egg-info/top_level.txt
[0.819s] reading manifest file 'interfaces.egg-info/SOURCES.txt'
[0.820s] writing manifest file 'interfaces.egg-info/SOURCES.txt'
[0.834s] [  6%] Built target ament_cmake_python_build_interfaces_egg
[0.840s] [35m[1mConsolidate compiler generated dependencies of target interfaces__rosidl_generator_c[0m
[0.843s] [  6%] Built target interfaces__cpp
[0.844s] [  9%] [32mBuilding C object CMakeFiles/interfaces__rosidl_generator_c.dir/rosidl_generator_c/interfaces/srv/detail/chat__functions.c.o[0m
[0.847s] [ 12%] [34m[1mGenerating C++ type support dispatch for ROS interfaces[0m
[0.848s] [ 16%] [34m[1mGenerating C++ type support for eProsima Fast-RTPS[0m
[0.849s] [ 19%] [34m[1mGenerating C++ introspection for ROS interfaces[0m
[0.964s] [ 22%] [32m[1mLinking C shared library libinterfaces__rosidl_generator_c.so[0m
[0.965s] [35m[1mConsolidate compiler generated dependencies of target interfaces__rosidl_typesupport_cpp[0m
[0.969s] [ 25%] [32mBuilding CXX object CMakeFiles/interfaces__rosidl_typesupport_cpp.dir/rosidl_typesupport_cpp/interfaces/srv/chat__type_support.cpp.o[0m
[0.977s] [35m[1mConsolidate compiler generated dependencies of target interfaces__rosidl_typesupport_introspection_cpp[0m
[0.983s] [35m[1mConsolidate compiler generated dependencies of target interfaces__rosidl_typesupport_fastrtps_cpp[0m
[0.986s] [ 29%] [32mBuilding CXX object CMakeFiles/interfaces__rosidl_typesupport_introspection_cpp.dir/rosidl_typesupport_introspection_cpp/interfaces/srv/detail/chat__type_support.cpp.o[0m
[0.989s] [ 32%] [32mBuilding CXX object CMakeFiles/interfaces__rosidl_typesupport_fastrtps_cpp.dir/rosidl_typesupport_fastrtps_cpp/interfaces/srv/detail/dds_fastrtps/chat__type_support.cpp.o[0m
[0.994s] [ 32%] Built target interfaces__rosidl_generator_c
[0.998s] [ 35%] [34m[1mGenerating C type support for eProsima Fast-RTPS[0m
[1.134s] [35m[1mConsolidate compiler generated dependencies of target interfaces__rosidl_typesupport_fastrtps_c[0m
[1.142s] [ 38%] [32mBuilding CXX object CMakeFiles/interfaces__rosidl_typesupport_fastrtps_c.dir/rosidl_typesupport_fastrtps_c/interfaces/srv/detail/chat__type_support_c.cpp.o[0m
[1.206s] [ 41%] [32m[1mLinking CXX shared library libinterfaces__rosidl_typesupport_cpp.so[0m
[1.233s] [ 41%] Built target interfaces__rosidl_typesupport_cpp
[1.238s] [ 45%] [34m[1mGenerating C introspection for ROS interfaces[0m
[1.267s] [ 48%] [32m[1mLinking CXX shared library libinterfaces__rosidl_typesupport_introspection_cpp.so[0m
[1.272s] [ 51%] [32m[1mLinking CXX shared library libinterfaces__rosidl_typesupport_fastrtps_cpp.so[0m
[1.324s] [ 51%] Built target interfaces__rosidl_typesupport_introspection_cpp
[1.329s] [ 54%] [34m[1mGenerating C type support dispatch for ROS interfaces[0m
[1.346s] [ 54%] Built target interfaces__rosidl_typesupport_fastrtps_cpp
[1.355s] [ 58%] [32m[1mLinking CXX shared library libinterfaces__rosidl_typesupport_fastrtps_c.so[0m
[1.387s] [ 58%] Built target interfaces__rosidl_typesupport_fastrtps_c
[1.390s] [35m[1mConsolidate compiler generated dependencies of target interfaces__rosidl_typesupport_introspection_c[0m
[1.395s] [ 61%] [32mBuilding C object CMakeFiles/interfaces__rosidl_typesupport_introspection_c.dir/rosidl_typesupport_introspection_c/interfaces/srv/detail/chat__type_support.c.o[0m
[1.413s] [ 64%] [32m[1mLinking C shared library libinterfaces__rosidl_typesupport_introspection_c.so[0m
[1.429s] [ 64%] Built target interfaces__rosidl_typesupport_introspection_c
[1.439s] [35m[1mConsolidate compiler generated dependencies of target interfaces__rosidl_typesupport_c[0m
[1.443s] [ 67%] [32mBuilding CXX object CMakeFiles/interfaces__rosidl_typesupport_c.dir/rosidl_typesupport_c/interfaces/srv/chat__type_support.cpp.o[0m
[1.459s] [ 70%] [32m[1mLinking CXX shared library libinterfaces__rosidl_typesupport_c.so[0m
[1.476s] [ 70%] Built target interfaces__rosidl_typesupport_c
[1.483s] [ 70%] Built target interfaces
[1.490s] [ 74%] [34m[1mGenerating Python code for ROS interfaces[0m
[1.649s] [ 74%] Built target interfaces__py
[1.652s] [35m[1mConsolidate compiler generated dependencies of target interfaces__rosidl_generator_py[0m
[1.657s] [ 77%] [32mBuilding C object CMakeFiles/interfaces__rosidl_generator_py.dir/rosidl_generator_py/interfaces/srv/_chat_s.c.o[0m
[1.728s] [ 80%] [32m[1mLinking C shared library rosidl_generator_py/interfaces/libinterfaces__rosidl_generator_py.so[0m
[1.747s] [ 80%] Built target interfaces__rosidl_generator_py
[1.751s] [35m[1mConsolidate compiler generated dependencies of target interfaces__rosidl_typesupport_fastrtps_c__pyext[0m
[1.751s] [35m[1mConsolidate compiler generated dependencies of target interfaces__rosidl_typesupport_introspection_c__pyext[0m
[1.751s] [35m[1mConsolidate compiler generated dependencies of target interfaces__rosidl_typesupport_c__pyext[0m
[1.757s] [ 87%] [32mBuilding C object CMakeFiles/interfaces__rosidl_typesupport_introspection_c__pyext.dir/rosidl_generator_py/interfaces/_interfaces_s.ep.rosidl_typesupport_introspection_c.c.o[0m
[1.757s] [ 87%] [32mBuilding C object CMakeFiles/interfaces__rosidl_typesupport_fastrtps_c__pyext.dir/rosidl_generator_py/interfaces/_interfaces_s.ep.rosidl_typesupport_fastrtps_c.c.o[0m
[1.757s] [ 90%] [32mBuilding C object CMakeFiles/interfaces__rosidl_typesupport_c__pyext.dir/rosidl_generator_py/interfaces/_interfaces_s.ep.rosidl_typesupport_c.c.o[0m
[1.806s] [ 93%] [32m[1mLinking C shared library rosidl_generator_py/interfaces/interfaces_s__rosidl_typesupport_introspection_c.cpython-310-aarch64-linux-gnu.so[0m
[1.806s] [ 96%] [32m[1mLinking C shared library rosidl_generator_py/interfaces/interfaces_s__rosidl_typesupport_c.cpython-310-aarch64-linux-gnu.so[0m
[1.806s] [100%] [32m[1mLinking C shared library rosidl_generator_py/interfaces/interfaces_s__rosidl_typesupport_fastrtps_c.cpython-310-aarch64-linux-gnu.so[0m
[1.823s] [100%] Built target interfaces__rosidl_typesupport_c__pyext
[1.824s] [100%] Built target interfaces__rosidl_typesupport_fastrtps_c__pyext
[1.826s] [100%] Built target interfaces__rosidl_typesupport_introspection_c__pyext
[1.831s] Invoked command in '/home/fyier/thesis/ros_ws/build/interfaces' returned '0': CMAKE_PREFIX_PATH=${CMAKE_PREFIX_PATH}:/home/fyier/thesis/ros_ws/install/chat_service:/opt/ros/humble /usr/bin/cmake --build /home/fyier/thesis/ros_ws/build/interfaces -- -j4 -l4
[1.857s] Invoking command in '/home/fyier/thesis/ros_ws/build/interfaces': CMAKE_PREFIX_PATH=${CMAKE_PREFIX_PATH}:/home/fyier/thesis/ros_ws/install/chat_service:/opt/ros/humble /usr/bin/cmake --install /home/fyier/thesis/ros_ws/build/interfaces
[1.860s] -- Install configuration: ""
[1.860s] -- Up-to-date: /home/fyier/thesis/ros_ws/install/interfaces/share/ament_index/resource_index/rosidl_interfaces/interfaces
[1.860s] -- Up-to-date: /home/fyier/thesis/ros_ws/install/interfaces/include/interfaces/interfaces
[1.860s] -- Up-to-date: /home/fyier/thesis/ros_ws/install/interfaces/include/interfaces/interfaces/srv
[1.860s] -- Up-to-date: /home/fyier/thesis/ros_ws/install/interfaces/include/interfaces/interfaces/srv/detail
[1.860s] -- Installing: /home/fyier/thesis/ros_ws/install/interfaces/include/interfaces/interfaces/srv/detail/chat__functions.h
[1.860s] -- Installing: /home/fyier/thesis/ros_ws/install/interfaces/include/interfaces/interfaces/srv/detail/chat__functions.c
[1.860s] -- Installing: /home/fyier/thesis/ros_ws/install/interfaces/include/interfaces/interfaces/srv/detail/chat__type_support.h
[1.861s] -- Installing: /home/fyier/thesis/ros_ws/install/interfaces/include/interfaces/interfaces/srv/detail/chat__struct.h
[1.861s] -- Installing: /home/fyier/thesis/ros_ws/install/interfaces/include/interfaces/interfaces/srv/chat.h
[1.861s] -- Up-to-date: /home/fyier/thesis/ros_ws/install/interfaces/include/interfaces/interfaces/msg
[1.861s] -- Up-to-date: /home/fyier/thesis/ros_ws/install/interfaces/include/interfaces/interfaces/msg/rosidl_generator_c__visibility_control.h
[1.861s] -- Up-to-date: /home/fyier/thesis/ros_ws/install/interfaces/share/interfaces/environment/library_path.sh
[1.861s] -- Installing: /home/fyier/thesis/ros_ws/install/interfaces/share/interfaces/environment/library_path.dsv
[1.861s] -- Installing: /home/fyier/thesis/ros_ws/install/interfaces/lib/libinterfaces__rosidl_generator_c.so
[1.861s] -- Set runtime path of "/home/fyier/thesis/ros_ws/install/interfaces/lib/libinterfaces__rosidl_generator_c.so" to ""
[1.861s] -- Up-to-date: /home/fyier/thesis/ros_ws/install/interfaces/include/interfaces/interfaces
[1.861s] -- Up-to-date: /home/fyier/thesis/ros_ws/install/interfaces/include/interfaces/interfaces/srv
[1.861s] -- Up-to-date: /home/fyier/thesis/ros_ws/install/interfaces/include/interfaces/interfaces/srv/detail
[1.861s] -- Installing: /home/fyier/thesis/ros_ws/install/interfaces/include/interfaces/interfaces/srv/detail/chat__rosidl_typesupport_fastrtps_c.h
[1.862s] -- Up-to-date: /home/fyier/thesis/ros_ws/install/interfaces/include/interfaces/interfaces/msg
[1.862s] -- Up-to-date: /home/fyier/thesis/ros_ws/install/interfaces/include/interfaces/interfaces/msg/rosidl_typesupport_fastrtps_c__visibility_control.h
[1.862s] -- Installing: /home/fyier/thesis/ros_ws/install/interfaces/lib/libinterfaces__rosidl_typesupport_fastrtps_c.so
[1.862s] -- Set runtime path of "/home/fyier/thesis/ros_ws/install/interfaces/lib/libinterfaces__rosidl_typesupport_fastrtps_c.so" to ""
[1.862s] -- Up-to-date: /home/fyier/thesis/ros_ws/install/interfaces/include/interfaces/interfaces
[1.862s] -- Up-to-date: /home/fyier/thesis/ros_ws/install/interfaces/include/interfaces/interfaces/srv
[1.862s] -- Up-to-date: /home/fyier/thesis/ros_ws/install/interfaces/include/interfaces/interfaces/srv/detail
[1.862s] -- Installing: /home/fyier/thesis/ros_ws/install/interfaces/include/interfaces/interfaces/srv/detail/chat__struct.hpp
[1.862s] -- Installing: /home/fyier/thesis/ros_ws/install/interfaces/include/interfaces/interfaces/srv/detail/chat__traits.hpp
[1.862s] -- Installing: /home/fyier/thesis/ros_ws/install/interfaces/include/interfaces/interfaces/srv/detail/chat__builder.hpp
[1.862s] -- Installing: /home/fyier/thesis/ros_ws/install/interfaces/include/interfaces/interfaces/srv/chat.hpp
[1.862s] -- Up-to-date: /home/fyier/thesis/ros_ws/install/interfaces/include/interfaces/interfaces
[1.862s] -- Up-to-date: /home/fyier/thesis/ros_ws/install/interfaces/include/interfaces/interfaces/srv
[1.862s] -- Up-to-date: /home/fyier/thesis/ros_ws/install/interfaces/include/interfaces/interfaces/srv/detail
[1.862s] -- Installing: /home/fyier/thesis/ros_ws/install/interfaces/include/interfaces/interfaces/srv/detail/chat__rosidl_typesupport_fastrtps_cpp.hpp
[1.862s] -- Up-to-date: /home/fyier/thesis/ros_ws/install/interfaces/include/interfaces/interfaces/srv/detail/dds_fastrtps
[1.862s] -- Up-to-date: /home/fyier/thesis/ros_ws/install/interfaces/include/interfaces/interfaces/msg
[1.862s] -- Up-to-date: /home/fyier/thesis/ros_ws/install/interfaces/include/interfaces/interfaces/msg/rosidl_typesupport_fastrtps_cpp__visibility_control.h
[1.863s] -- Installing: /home/fyier/thesis/ros_ws/install/interfaces/lib/libinterfaces__rosidl_typesupport_fastrtps_cpp.so
[1.863s] -- Set runtime path of "/home/fyier/thesis/ros_ws/install/interfaces/lib/libinterfaces__rosidl_typesupport_fastrtps_cpp.so" to ""
[1.863s] -- Up-to-date: /home/fyier/thesis/ros_ws/install/interfaces/include/interfaces/interfaces
[1.863s] -- Up-to-date: /home/fyier/thesis/ros_ws/install/interfaces/include/interfaces/interfaces/srv
[1.863s] -- Up-to-date: /home/fyier/thesis/ros_ws/install/interfaces/include/interfaces/interfaces/srv/detail
[1.863s] -- Installing: /home/fyier/thesis/ros_ws/install/interfaces/include/interfaces/interfaces/srv/detail/chat__type_support.c
[1.863s] -- Installing: /home/fyier/thesis/ros_ws/install/interfaces/include/interfaces/interfaces/srv/detail/chat__rosidl_typesupport_introspection_c.h
[1.863s] -- Up-to-date: /home/fyier/thesis/ros_ws/install/interfaces/include/interfaces/interfaces/msg
[1.863s] -- Up-to-date: /home/fyier/thesis/ros_ws/install/interfaces/include/interfaces/interfaces/msg/rosidl_typesupport_introspection_c__visibility_control.h
[1.863s] -- Installing: /home/fyier/thesis/ros_ws/install/interfaces/lib/libinterfaces__rosidl_typesupport_introspection_c.so
[1.863s] -- Set runtime path of "/home/fyier/thesis/ros_ws/install/interfaces/lib/libinterfaces__rosidl_typesupport_introspection_c.so" to ""
[1.863s] -- Installing: /home/fyier/thesis/ros_ws/install/interfaces/lib/libinterfaces__rosidl_typesupport_c.so
[1.863s] -- Set runtime path of "/home/fyier/thesis/ros_ws/install/interfaces/lib/libinterfaces__rosidl_typesupport_c.so" to ""
[1.863s] -- Up-to-date: /home/fyier/thesis/ros_ws/install/interfaces/include/interfaces/interfaces
[1.863s] -- Up-to-date: /home/fyier/thesis/ros_ws/install/interfaces/include/interfaces/interfaces/srv
[1.863s] -- Up-to-date: /home/fyier/thesis/ros_ws/install/interfaces/include/interfaces/interfaces/srv/detail
[1.864s] -- Installing: /home/fyier/thesis/ros_ws/install/interfaces/include/interfaces/interfaces/srv/detail/chat__rosidl_typesupport_introspection_cpp.hpp
[1.864s] -- Installing: /home/fyier/thesis/ros_ws/install/interfaces/include/interfaces/interfaces/srv/detail/chat__type_support.cpp
[1.864s] -- Installing: /home/fyier/thesis/ros_ws/install/interfaces/lib/libinterfaces__rosidl_typesupport_introspection_cpp.so
[1.864s] -- Set runtime path of "/home/fyier/thesis/ros_ws/install/interfaces/lib/libinterfaces__rosidl_typesupport_introspection_cpp.so" to ""
[1.864s] -- Installing: /home/fyier/thesis/ros_ws/install/interfaces/lib/libinterfaces__rosidl_typesupport_cpp.so
[1.864s] -- Set runtime path of "/home/fyier/thesis/ros_ws/install/interfaces/lib/libinterfaces__rosidl_typesupport_cpp.so" to ""
[1.864s] -- Up-to-date: /home/fyier/thesis/ros_ws/install/interfaces/share/interfaces/environment/pythonpath.sh
[1.864s] -- Installing: /home/fyier/thesis/ros_ws/install/interfaces/share/interfaces/environment/pythonpath.dsv
[1.864s] -- Up-to-date: /home/fyier/thesis/ros_ws/install/interfaces/local/lib/python3.10/dist-packages/interfaces-0.0.0-py3.10.egg-info
[1.864s] -- Installing: /home/fyier/thesis/ros_ws/install/interfaces/local/lib/python3.10/dist-packages/interfaces-0.0.0-py3.10.egg-info/PKG-INFO
[1.864s] -- Installing: /home/fyier/thesis/ros_ws/install/interfaces/local/lib/python3.10/dist-packages/interfaces-0.0.0-py3.10.egg-info/top_level.txt
[1.864s] -- Installing: /home/fyier/thesis/ros_ws/install/interfaces/local/lib/python3.10/dist-packages/interfaces-0.0.0-py3.10.egg-info/SOURCES.txt
[1.864s] -- Installing: /home/fyier/thesis/ros_ws/install/interfaces/local/lib/python3.10/dist-packages/interfaces-0.0.0-py3.10.egg-info/dependency_links.txt
[1.864s] -- Up-to-date: /home/fyier/thesis/ros_ws/install/interfaces/local/lib/python3.10/dist-packages/interfaces
[1.864s] -- Up-to-date: /home/fyier/thesis/ros_ws/install/interfaces/local/lib/python3.10/dist-packages/interfaces/srv
[1.865s] -- Installing: /home/fyier/thesis/ros_ws/install/interfaces/local/lib/python3.10/dist-packages/interfaces/srv/__init__.py
[1.865s] -- Installing: /home/fyier/thesis/ros_ws/install/interfaces/local/lib/python3.10/dist-packages/interfaces/srv/_chat_s.c
[1.865s] -- Installing: /home/fyier/thesis/ros_ws/install/interfaces/local/lib/python3.10/dist-packages/interfaces/srv/_chat.py
[1.865s] -- Installing: /home/fyier/thesis/ros_ws/install/interfaces/local/lib/python3.10/dist-packages/interfaces/interfaces_s__rosidl_typesupport_introspection_c.cpython-310-aarch64-linux-gnu.so
[1.865s] -- Installing: /home/fyier/thesis/ros_ws/install/interfaces/local/lib/python3.10/dist-packages/interfaces/libinterfaces__rosidl_generator_py.so
[1.865s] -- Installing: /home/fyier/thesis/ros_ws/install/interfaces/local/lib/python3.10/dist-packages/interfaces/__init__.py
[1.865s] -- Installing: /home/fyier/thesis/ros_ws/install/interfaces/local/lib/python3.10/dist-packages/interfaces/_interfaces_s.ep.rosidl_typesupport_introspection_c.c
[1.865s] -- Installing: /home/fyier/thesis/ros_ws/install/interfaces/local/lib/python3.10/dist-packages/interfaces/_interfaces_s.ep.rosidl_typesupport_c.c
[1.865s] -- Installing: /home/fyier/thesis/ros_ws/install/interfaces/local/lib/python3.10/dist-packages/interfaces/interfaces_s__rosidl_typesupport_fastrtps_c.cpython-310-aarch64-linux-gnu.so
[1.865s] -- Installing: /home/fyier/thesis/ros_ws/install/interfaces/local/lib/python3.10/dist-packages/interfaces/interfaces_s__rosidl_typesupport_c.cpython-310-aarch64-linux-gnu.so
[1.865s] -- Installing: /home/fyier/thesis/ros_ws/install/interfaces/local/lib/python3.10/dist-packages/interfaces/_interfaces_s.ep.rosidl_typesupport_fastrtps_c.c
[1.881s] Listing '/home/fyier/thesis/ros_ws/install/interfaces/local/lib/python3.10/dist-packages/interfaces'...
[1.881s] Compiling '/home/fyier/thesis/ros_ws/install/interfaces/local/lib/python3.10/dist-packages/interfaces/__init__.py'...
[1.881s] Listing '/home/fyier/thesis/ros_ws/install/interfaces/local/lib/python3.10/dist-packages/interfaces/srv'...
[1.881s] Compiling '/home/fyier/thesis/ros_ws/install/interfaces/local/lib/python3.10/dist-packages/interfaces/srv/__init__.py'...
[1.881s] Compiling '/home/fyier/thesis/ros_ws/install/interfaces/local/lib/python3.10/dist-packages/interfaces/srv/_chat.py'...
[1.884s] -- Installing: /home/fyier/thesis/ros_ws/install/interfaces/local/lib/python3.10/dist-packages/interfaces/interfaces_s__rosidl_typesupport_fastrtps_c.cpython-310-aarch64-linux-gnu.so
[1.884s] -- Set runtime path of "/home/fyier/thesis/ros_ws/install/interfaces/local/lib/python3.10/dist-packages/interfaces/interfaces_s__rosidl_typesupport_fastrtps_c.cpython-310-aarch64-linux-gnu.so" to ""
[1.884s] -- Installing: /home/fyier/thesis/ros_ws/install/interfaces/local/lib/python3.10/dist-packages/interfaces/interfaces_s__rosidl_typesupport_introspection_c.cpython-310-aarch64-linux-gnu.so
[1.884s] -- Set runtime path of "/home/fyier/thesis/ros_ws/install/interfaces/local/lib/python3.10/dist-packages/interfaces/interfaces_s__rosidl_typesupport_introspection_c.cpython-310-aarch64-linux-gnu.so" to ""
[1.884s] -- Installing: /home/fyier/thesis/ros_ws/install/interfaces/local/lib/python3.10/dist-packages/interfaces/interfaces_s__rosidl_typesupport_c.cpython-310-aarch64-linux-gnu.so
[1.884s] -- Set runtime path of "/home/fyier/thesis/ros_ws/install/interfaces/local/lib/python3.10/dist-packages/interfaces/interfaces_s__rosidl_typesupport_c.cpython-310-aarch64-linux-gnu.so" to ""
[1.884s] -- Installing: /home/fyier/thesis/ros_ws/install/interfaces/lib/libinterfaces__rosidl_generator_py.so
[1.884s] -- Set runtime path of "/home/fyier/thesis/ros_ws/install/interfaces/lib/libinterfaces__rosidl_generator_py.so" to ""
[1.885s] -- Installing: /home/fyier/thesis/ros_ws/install/interfaces/share/interfaces/srv/Chat.idl
[1.885s] -- Installing: /home/fyier/thesis/ros_ws/install/interfaces/share/interfaces/srv/Chat.srv
[1.885s] -- Up-to-date: /home/fyier/thesis/ros_ws/install/interfaces/share/interfaces/srv/Chat_Request.msg
[1.885s] -- Installing: /home/fyier/thesis/ros_ws/install/interfaces/share/interfaces/srv/Chat_Response.msg
[1.885s] -- Up-to-date: /home/fyier/thesis/ros_ws/install/interfaces/share/ament_index/resource_index/package_run_dependencies/interfaces
[1.885s] -- Installing: /home/fyier/thesis/ros_ws/install/interfaces/share/ament_index/resource_index/parent_prefix_path/interfaces
[1.885s] -- Up-to-date: /home/fyier/thesis/ros_ws/install/interfaces/share/interfaces/environment/ament_prefix_path.sh
[1.885s] -- Installing: /home/fyier/thesis/ros_ws/install/interfaces/share/interfaces/environment/ament_prefix_path.dsv
[1.885s] -- Up-to-date: /home/fyier/thesis/ros_ws/install/interfaces/share/interfaces/environment/path.sh
[1.885s] -- Installing: /home/fyier/thesis/ros_ws/install/interfaces/share/interfaces/environment/path.dsv
[1.885s] -- Up-to-date: /home/fyier/thesis/ros_ws/install/interfaces/share/interfaces/local_setup.bash
[1.885s] -- Up-to-date: /home/fyier/thesis/ros_ws/install/interfaces/share/interfaces/local_setup.sh
[1.885s] -- Up-to-date: /home/fyier/thesis/ros_ws/install/interfaces/share/interfaces/local_setup.zsh
[1.885s] -- Installing: /home/fyier/thesis/ros_ws/install/interfaces/share/interfaces/local_setup.dsv
[1.886s] -- Installing: /home/fyier/thesis/ros_ws/install/interfaces/share/interfaces/package.dsv
[1.886s] -- Up-to-date: /home/fyier/thesis/ros_ws/install/interfaces/share/ament_index/resource_index/packages/interfaces
[1.886s] -- Up-to-date: /home/fyier/thesis/ros_ws/install/interfaces/share/interfaces/cmake/export_interfaces__rosidl_generator_cExport.cmake
[1.886s] -- Up-to-date: /home/fyier/thesis/ros_ws/install/interfaces/share/interfaces/cmake/export_interfaces__rosidl_generator_cExport-noconfig.cmake
[1.886s] -- Up-to-date: /home/fyier/thesis/ros_ws/install/interfaces/share/interfaces/cmake/export_interfaces__rosidl_typesupport_fastrtps_cExport.cmake
[1.886s] -- Up-to-date: /home/fyier/thesis/ros_ws/install/interfaces/share/interfaces/cmake/export_interfaces__rosidl_typesupport_fastrtps_cExport-noconfig.cmake
[1.886s] -- Up-to-date: /home/fyier/thesis/ros_ws/install/interfaces/share/interfaces/cmake/export_interfaces__rosidl_generator_cppExport.cmake
[1.886s] -- Up-to-date: /home/fyier/thesis/ros_ws/install/interfaces/share/interfaces/cmake/export_interfaces__rosidl_typesupport_fastrtps_cppExport.cmake
[1.886s] -- Up-to-date: /home/fyier/thesis/ros_ws/install/interfaces/share/interfaces/cmake/export_interfaces__rosidl_typesupport_fastrtps_cppExport-noconfig.cmake
[1.886s] -- Up-to-date: /home/fyier/thesis/ros_ws/install/interfaces/share/interfaces/cmake/interfaces__rosidl_typesupport_introspection_cExport.cmake
[1.886s] -- Up-to-date: /home/fyier/thesis/ros_ws/install/interfaces/share/interfaces/cmake/interfaces__rosidl_typesupport_introspection_cExport-noconfig.cmake
[1.886s] -- Up-to-date: /home/fyier/thesis/ros_ws/install/interfaces/share/interfaces/cmake/interfaces__rosidl_typesupport_cExport.cmake
[1.886s] -- Up-to-date: /home/fyier/thesis/ros_ws/install/interfaces/share/interfaces/cmake/interfaces__rosidl_typesupport_cExport-noconfig.cmake
[1.886s] -- Up-to-date: /home/fyier/thesis/ros_ws/install/interfaces/share/interfaces/cmake/interfaces__rosidl_typesupport_introspection_cppExport.cmake
[1.886s] -- Up-to-date: /home/fyier/thesis/ros_ws/install/interfaces/share/interfaces/cmake/interfaces__rosidl_typesupport_introspection_cppExport-noconfig.cmake
[1.886s] -- Up-to-date: /home/fyier/thesis/ros_ws/install/interfaces/share/interfaces/cmake/interfaces__rosidl_typesupport_cppExport.cmake
[1.886s] -- Up-to-date: /home/fyier/thesis/ros_ws/install/interfaces/share/interfaces/cmake/interfaces__rosidl_typesupport_cppExport-noconfig.cmake
[1.886s] -- Up-to-date: /home/fyier/thesis/ros_ws/install/interfaces/share/interfaces/cmake/export_interfaces__rosidl_generator_pyExport.cmake
[1.886s] -- Up-to-date: /home/fyier/thesis/ros_ws/install/interfaces/share/interfaces/cmake/export_interfaces__rosidl_generator_pyExport-noconfig.cmake
[1.886s] -- Up-to-date: /home/fyier/thesis/ros_ws/install/interfaces/share/interfaces/cmake/rosidl_cmake-extras.cmake
[1.887s] -- Up-to-date: /home/fyier/thesis/ros_ws/install/interfaces/share/interfaces/cmake/ament_cmake_export_dependencies-extras.cmake
[1.887s] -- Up-to-date: /home/fyier/thesis/ros_ws/install/interfaces/share/interfaces/cmake/ament_cmake_export_include_directories-extras.cmake
[1.887s] -- Up-to-date: /home/fyier/thesis/ros_ws/install/interfaces/share/interfaces/cmake/ament_cmake_export_libraries-extras.cmake
[1.887s] -- Up-to-date: /home/fyier/thesis/ros_ws/install/interfaces/share/interfaces/cmake/ament_cmake_export_targets-extras.cmake
[1.887s] -- Up-to-date: /home/fyier/thesis/ros_ws/install/interfaces/share/interfaces/cmake/rosidl_cmake_export_typesupport_targets-extras.cmake
[1.887s] -- Up-to-date: /home/fyier/thesis/ros_ws/install/interfaces/share/interfaces/cmake/rosidl_cmake_export_typesupport_libraries-extras.cmake
[1.887s] -- Up-to-date: /home/fyier/thesis/ros_ws/install/interfaces/share/interfaces/cmake/interfacesConfig.cmake
[1.887s] -- Up-to-date: /home/fyier/thesis/ros_ws/install/interfaces/share/interfaces/cmake/interfacesConfig-version.cmake
[1.887s] -- Up-to-date: /home/fyier/thesis/ros_ws/install/interfaces/share/interfaces/package.xml
[1.888s] Invoked command in '/home/fyier/thesis/ros_ws/build/interfaces' returned '0': CMAKE_PREFIX_PATH=${CMAKE_PREFIX_PATH}:/home/fyier/thesis/ros_ws/install/chat_service:/opt/ros/humble /usr/bin/cmake --install /home/fyier/thesis/ros_ws/build/interfaces
