[0.067s] DEBUG:colcon:Command line arguments: ['/usr/bin/colcon', 'build']
[0.067s] DEBUG:colcon:Parsed command line arguments: Namespace(log_base=None, log_level=None, verb_name='build', build_base='build', install_base='install', merge_install=False, symlink_install=False, test_result_base=None, continue_on_error=False, executor='parallel', parallel_workers=4, event_handlers=None, ignore_user_meta=False, metas=['./colcon.meta'], base_paths=['.'], packages_ignore=None, packages_ignore_regex=None, paths=None, packages_up_to=None, packages_up_to_regex=None, packages_above=None, packages_above_and_dependencies=None, packages_above_depth=None, packages_select_by_dep=None, packages_skip_by_dep=None, packages_skip_up_to=None, packages_select_build_failed=False, packages_skip_build_finished=False, packages_select_test_failures=False, packages_skip_test_passed=False, packages_select=None, packages_skip=None, packages_select_regex=None, packages_skip_regex=None, packages_start=None, packages_end=None, allow_overriding=[], cmake_args=None, cmake_target=None, cmake_target_skip_unavailable=False, cmake_clean_cache=False, cmake_clean_first=False, cmake_force_configure=False, ament_cmake_args=None, catkin_cmake_args=None, catkin_skip_building_tests=False, mixin_files=None, mixin=None, verb_parser=<colcon_mixin.mixin.mixin_argument.MixinArgumentDecorator object at 0xffffb64ba230>, verb_extension=<colcon_core.verb.build.BuildVerb object at 0xffffb64b9390>, main=<bound method BuildVerb.main of <colcon_core.verb.build.BuildVerb object at 0xffffb64b9390>>, mixin_verb=('build',))
[0.148s] Level 1:colcon.colcon_core.package_discovery:discover_packages(colcon_meta) check parameters
[0.148s] Level 1:colcon.colcon_core.package_discovery:discover_packages(recursive) check parameters
[0.149s] Level 1:colcon.colcon_core.package_discovery:discover_packages(ignore) check parameters
[0.149s] Level 1:colcon.colcon_core.package_discovery:discover_packages(path) check parameters
[0.149s] Level 1:colcon.colcon_core.package_discovery:discover_packages(colcon_meta) discover
[0.149s] Level 1:colcon.colcon_core.package_discovery:discover_packages(recursive) discover
[0.149s] INFO:colcon.colcon_core.package_discovery:Crawling recursively for packages in '/home/fyier/thesis/ros_ws'
[0.149s] Level 1:colcon.colcon_core.package_identification:_identify(.) by extensions ['ignore', 'ignore_ament_install']
[0.149s] Level 1:colcon.colcon_core.package_identification:_identify(.) by extension 'ignore'
[0.149s] Level 1:colcon.colcon_core.package_identification:_identify(.) by extension 'ignore_ament_install'
[0.149s] Level 1:colcon.colcon_core.package_identification:_identify(.) by extensions ['colcon_pkg']
[0.149s] Level 1:colcon.colcon_core.package_identification:_identify(.) by extension 'colcon_pkg'
[0.149s] Level 1:colcon.colcon_core.package_identification:_identify(.) by extensions ['colcon_meta']
[0.149s] Level 1:colcon.colcon_core.package_identification:_identify(.) by extension 'colcon_meta'
[0.149s] Level 1:colcon.colcon_core.package_identification:_identify(.) by extensions ['ros']
[0.149s] Level 1:colcon.colcon_core.package_identification:_identify(.) by extension 'ros'
[0.156s] Level 1:colcon.colcon_core.package_identification:_identify(.) by extensions ['cmake', 'python']
[0.156s] Level 1:colcon.colcon_core.package_identification:_identify(.) by extension 'cmake'
[0.156s] Level 1:colcon.colcon_core.package_identification:_identify(.) by extension 'python'
[0.156s] Level 1:colcon.colcon_core.package_identification:_identify(.) by extensions ['python_setup_py']
[0.156s] Level 1:colcon.colcon_core.package_identification:_identify(.) by extension 'python_setup_py'
[0.156s] Level 1:colcon.colcon_core.package_identification:_identify(build) by extensions ['ignore', 'ignore_ament_install']
[0.156s] Level 1:colcon.colcon_core.package_identification:_identify(build) by extension 'ignore'
[0.156s] Level 1:colcon.colcon_core.package_identification:_identify(build) ignored
[0.156s] Level 1:colcon.colcon_core.package_identification:_identify(install) by extensions ['ignore', 'ignore_ament_install']
[0.156s] Level 1:colcon.colcon_core.package_identification:_identify(install) by extension 'ignore'
[0.156s] Level 1:colcon.colcon_core.package_identification:_identify(install) ignored
[0.156s] Level 1:colcon.colcon_core.package_identification:_identify(log) by extensions ['ignore', 'ignore_ament_install']
[0.156s] Level 1:colcon.colcon_core.package_identification:_identify(log) by extension 'ignore'
[0.156s] Level 1:colcon.colcon_core.package_identification:_identify(log) ignored
[0.156s] Level 1:colcon.colcon_core.package_identification:_identify(src) by extensions ['ignore', 'ignore_ament_install']
[0.156s] Level 1:colcon.colcon_core.package_identification:_identify(src) by extension 'ignore'
[0.156s] Level 1:colcon.colcon_core.package_identification:_identify(src) by extension 'ignore_ament_install'
[0.156s] Level 1:colcon.colcon_core.package_identification:_identify(src) by extensions ['colcon_pkg']
[0.156s] Level 1:colcon.colcon_core.package_identification:_identify(src) by extension 'colcon_pkg'
[0.156s] Level 1:colcon.colcon_core.package_identification:_identify(src) by extensions ['colcon_meta']
[0.156s] Level 1:colcon.colcon_core.package_identification:_identify(src) by extension 'colcon_meta'
[0.156s] Level 1:colcon.colcon_core.package_identification:_identify(src) by extensions ['ros']
[0.156s] Level 1:colcon.colcon_core.package_identification:_identify(src) by extension 'ros'
[0.156s] Level 1:colcon.colcon_core.package_identification:_identify(src) by extensions ['cmake', 'python']
[0.156s] Level 1:colcon.colcon_core.package_identification:_identify(src) by extension 'cmake'
[0.156s] Level 1:colcon.colcon_core.package_identification:_identify(src) by extension 'python'
[0.156s] Level 1:colcon.colcon_core.package_identification:_identify(src) by extensions ['python_setup_py']
[0.156s] Level 1:colcon.colcon_core.package_identification:_identify(src) by extension 'python_setup_py'
[0.156s] Level 1:colcon.colcon_core.package_identification:_identify(src/chat_service) by extensions ['ignore', 'ignore_ament_install']
[0.156s] Level 1:colcon.colcon_core.package_identification:_identify(src/chat_service) by extension 'ignore'
[0.156s] Level 1:colcon.colcon_core.package_identification:_identify(src/chat_service) by extension 'ignore_ament_install'
[0.156s] Level 1:colcon.colcon_core.package_identification:_identify(src/chat_service) by extensions ['colcon_pkg']
[0.156s] Level 1:colcon.colcon_core.package_identification:_identify(src/chat_service) by extension 'colcon_pkg'
[0.156s] Level 1:colcon.colcon_core.package_identification:_identify(src/chat_service) by extensions ['colcon_meta']
[0.156s] Level 1:colcon.colcon_core.package_identification:_identify(src/chat_service) by extension 'colcon_meta'
[0.156s] Level 1:colcon.colcon_core.package_identification:_identify(src/chat_service) by extensions ['ros']
[0.156s] Level 1:colcon.colcon_core.package_identification:_identify(src/chat_service) by extension 'ros'
[0.158s] DEBUG:colcon.colcon_core.package_identification:Package 'src/chat_service' with type 'ros.ament_python' and name 'chat_service'
[0.158s] Level 1:colcon.colcon_core.package_identification:_identify(src/interfaces) by extensions ['ignore', 'ignore_ament_install']
[0.158s] Level 1:colcon.colcon_core.package_identification:_identify(src/interfaces) by extension 'ignore'
[0.158s] Level 1:colcon.colcon_core.package_identification:_identify(src/interfaces) by extension 'ignore_ament_install'
[0.158s] Level 1:colcon.colcon_core.package_identification:_identify(src/interfaces) by extensions ['colcon_pkg']
[0.158s] Level 1:colcon.colcon_core.package_identification:_identify(src/interfaces) by extension 'colcon_pkg'
[0.158s] Level 1:colcon.colcon_core.package_identification:_identify(src/interfaces) by extensions ['colcon_meta']
[0.158s] Level 1:colcon.colcon_core.package_identification:_identify(src/interfaces) by extension 'colcon_meta'
[0.158s] Level 1:colcon.colcon_core.package_identification:_identify(src/interfaces) by extensions ['ros']
[0.158s] Level 1:colcon.colcon_core.package_identification:_identify(src/interfaces) by extension 'ros'
[0.158s] DEBUG:colcon.colcon_core.package_identification:Package 'src/interfaces' with type 'ros.ament_cmake' and name 'interfaces'
[0.158s] Level 1:colcon.colcon_core.package_discovery:discover_packages(recursive) using defaults
[0.158s] Level 1:colcon.colcon_core.package_discovery:discover_packages(ignore) discover
[0.158s] Level 1:colcon.colcon_core.package_discovery:discover_packages(ignore) using defaults
[0.158s] Level 1:colcon.colcon_core.package_discovery:discover_packages(path) discover
[0.158s] Level 1:colcon.colcon_core.package_discovery:discover_packages(path) using defaults
[0.169s] Level 1:colcon.colcon_core.package_discovery:discover_packages(prefix_path) check parameters
[0.169s] Level 1:colcon.colcon_core.package_discovery:discover_packages(prefix_path) discover
[0.169s] WARNING:colcon.colcon_ros.prefix_path.ament:The path '/home/fyier/thesis/ros_ws/install/interfaces' in the environment variable AMENT_PREFIX_PATH doesn't exist
[0.169s] WARNING:colcon.colcon_ros.prefix_path.ament:The path '/home/fyier/thesis/ros_ws/install/chat_service' in the environment variable AMENT_PREFIX_PATH doesn't exist
[0.170s] WARNING:colcon.colcon_ros.prefix_path.catkin:The path '/home/fyier/thesis/ros_ws/install/interfaces' in the environment variable CMAKE_PREFIX_PATH doesn't exist
[0.170s] WARNING:colcon.colcon_ros.prefix_path.catkin:The path '/home/fyier/thesis/ros_ws/install/chat_service' in the environment variable CMAKE_PREFIX_PATH doesn't exist
[0.170s] DEBUG:colcon.colcon_installed_package_information.package_discovery:Found 0 installed packages in /home/fyier/thesis/ros_ws/install
[0.170s] DEBUG:colcon.colcon_installed_package_information.package_discovery:Found 270 installed packages in /opt/ros/humble
[0.172s] Level 1:colcon.colcon_core.package_discovery:discover_packages(prefix_path) using defaults
[0.200s] Level 5:colcon.colcon_core.verb:set package 'interfaces' build argument 'cmake_args' from command line to 'None'
[0.200s] Level 5:colcon.colcon_core.verb:set package 'interfaces' build argument 'cmake_target' from command line to 'None'
[0.200s] Level 5:colcon.colcon_core.verb:set package 'interfaces' build argument 'cmake_target_skip_unavailable' from command line to 'False'
[0.201s] Level 5:colcon.colcon_core.verb:set package 'interfaces' build argument 'cmake_clean_cache' from command line to 'False'
[0.201s] Level 5:colcon.colcon_core.verb:set package 'interfaces' build argument 'cmake_clean_first' from command line to 'False'
[0.201s] Level 5:colcon.colcon_core.verb:set package 'interfaces' build argument 'cmake_force_configure' from command line to 'False'
[0.201s] Level 5:colcon.colcon_core.verb:set package 'interfaces' build argument 'ament_cmake_args' from command line to 'None'
[0.201s] Level 5:colcon.colcon_core.verb:set package 'interfaces' build argument 'catkin_cmake_args' from command line to 'None'
[0.201s] Level 5:colcon.colcon_core.verb:set package 'interfaces' build argument 'catkin_skip_building_tests' from command line to 'False'
[0.201s] DEBUG:colcon.colcon_core.verb:Building package 'interfaces' with the following arguments: {'ament_cmake_args': None, 'build_base': '/home/fyier/thesis/ros_ws/build/interfaces', 'catkin_cmake_args': None, 'catkin_skip_building_tests': False, 'cmake_args': None, 'cmake_clean_cache': False, 'cmake_clean_first': False, 'cmake_force_configure': False, 'cmake_target': None, 'cmake_target_skip_unavailable': False, 'install_base': '/home/fyier/thesis/ros_ws/install/interfaces', 'merge_install': False, 'path': '/home/fyier/thesis/ros_ws/src/interfaces', 'symlink_install': False, 'test_result_base': None}
[0.201s] Level 5:colcon.colcon_core.verb:set package 'chat_service' build argument 'cmake_args' from command line to 'None'
[0.201s] Level 5:colcon.colcon_core.verb:set package 'chat_service' build argument 'cmake_target' from command line to 'None'
[0.201s] Level 5:colcon.colcon_core.verb:set package 'chat_service' build argument 'cmake_target_skip_unavailable' from command line to 'False'
[0.201s] Level 5:colcon.colcon_core.verb:set package 'chat_service' build argument 'cmake_clean_cache' from command line to 'False'
[0.201s] Level 5:colcon.colcon_core.verb:set package 'chat_service' build argument 'cmake_clean_first' from command line to 'False'
[0.201s] Level 5:colcon.colcon_core.verb:set package 'chat_service' build argument 'cmake_force_configure' from command line to 'False'
[0.201s] Level 5:colcon.colcon_core.verb:set package 'chat_service' build argument 'ament_cmake_args' from command line to 'None'
[0.201s] Level 5:colcon.colcon_core.verb:set package 'chat_service' build argument 'catkin_cmake_args' from command line to 'None'
[0.201s] Level 5:colcon.colcon_core.verb:set package 'chat_service' build argument 'catkin_skip_building_tests' from command line to 'False'
[0.201s] DEBUG:colcon.colcon_core.verb:Building package 'chat_service' with the following arguments: {'ament_cmake_args': None, 'build_base': '/home/fyier/thesis/ros_ws/build/chat_service', 'catkin_cmake_args': None, 'catkin_skip_building_tests': False, 'cmake_args': None, 'cmake_clean_cache': False, 'cmake_clean_first': False, 'cmake_force_configure': False, 'cmake_target': None, 'cmake_target_skip_unavailable': False, 'install_base': '/home/fyier/thesis/ros_ws/install/chat_service', 'merge_install': False, 'path': '/home/fyier/thesis/ros_ws/src/chat_service', 'symlink_install': False, 'test_result_base': None}
[0.201s] INFO:colcon.colcon_core.executor:Executing jobs using 'parallel' executor
[0.202s] DEBUG:colcon.colcon_parallel_executor.executor.parallel:run_until_complete
[0.202s] INFO:colcon.colcon_ros.task.ament_cmake.build:Building ROS package in '/home/fyier/thesis/ros_ws/src/interfaces' with build type 'ament_cmake'
[0.202s] INFO:colcon.colcon_cmake.task.cmake.build:Building CMake package in '/home/fyier/thesis/ros_ws/src/interfaces'
[0.204s] INFO:colcon.colcon_core.plugin_system:Skipping extension 'colcon_core.shell.bat': Not used on non-Windows systems
[0.204s] INFO:colcon.colcon_core.shell:Skip shell extension 'powershell' for command environment: Not usable outside of PowerShell
[0.204s] DEBUG:colcon.colcon_core.shell:Skip shell extension 'dsv' for command environment
[0.209s] DEBUG:colcon.colcon_core.event_handler.log_command:Invoking command in '/home/fyier/thesis/ros_ws/build/interfaces': CMAKE_PREFIX_PATH=${CMAKE_PREFIX_PATH}:/opt/ros/humble /usr/bin/cmake /home/fyier/thesis/ros_ws/src/interfaces -DCMAKE_INSTALL_PREFIX=/home/fyier/thesis/ros_ws/install/interfaces
[1.062s] DEBUG:colcon.colcon_core.event_handler.log_command:Invoked command in '/home/fyier/thesis/ros_ws/build/interfaces' returned '0': CMAKE_PREFIX_PATH=${CMAKE_PREFIX_PATH}:/opt/ros/humble /usr/bin/cmake /home/fyier/thesis/ros_ws/src/interfaces -DCMAKE_INSTALL_PREFIX=/home/fyier/thesis/ros_ws/install/interfaces
[1.063s] DEBUG:colcon.colcon_core.event_handler.log_command:Invoking command in '/home/fyier/thesis/ros_ws/build/interfaces': CMAKE_PREFIX_PATH=${CMAKE_PREFIX_PATH}:/opt/ros/humble /usr/bin/cmake --build /home/fyier/thesis/ros_ws/build/interfaces -- -j4 -l4
[2.100s] DEBUG:colcon.colcon_core.event_handler.log_command:Invoked command in '/home/fyier/thesis/ros_ws/build/interfaces' returned '0': CMAKE_PREFIX_PATH=${CMAKE_PREFIX_PATH}:/opt/ros/humble /usr/bin/cmake --build /home/fyier/thesis/ros_ws/build/interfaces -- -j4 -l4
[2.127s] DEBUG:colcon.colcon_core.event_handler.log_command:Invoking command in '/home/fyier/thesis/ros_ws/build/interfaces': CMAKE_PREFIX_PATH=${CMAKE_PREFIX_PATH}:/opt/ros/humble /usr/bin/cmake --install /home/fyier/thesis/ros_ws/build/interfaces
[2.156s] Level 1:colcon.colcon_core.environment:create_environment_scripts_only(interfaces)
[2.156s] DEBUG:colcon.colcon_core.event_handler.log_command:Invoked command in '/home/fyier/thesis/ros_ws/build/interfaces' returned '0': CMAKE_PREFIX_PATH=${CMAKE_PREFIX_PATH}:/opt/ros/humble /usr/bin/cmake --install /home/fyier/thesis/ros_ws/build/interfaces
[2.157s] Level 1:colcon.colcon_core.environment:checking '/home/fyier/thesis/ros_ws/install/interfaces' for CMake module files
[2.157s] Level 1:colcon.colcon_core.environment:checking '/home/fyier/thesis/ros_ws/install/interfaces' for CMake config files
[2.158s] Level 1:colcon.colcon_core.shell:create_environment_hook('interfaces', 'cmake_prefix_path')
[2.158s] INFO:colcon.colcon_core.shell:Creating environment hook '/home/fyier/thesis/ros_ws/install/interfaces/share/interfaces/hook/cmake_prefix_path.ps1'
[2.158s] INFO:colcon.colcon_core.shell:Creating environment descriptor '/home/fyier/thesis/ros_ws/install/interfaces/share/interfaces/hook/cmake_prefix_path.dsv'
[2.158s] INFO:colcon.colcon_core.shell:Creating environment hook '/home/fyier/thesis/ros_ws/install/interfaces/share/interfaces/hook/cmake_prefix_path.sh'
[2.158s] Level 1:colcon.colcon_core.environment:checking '/home/fyier/thesis/ros_ws/install/interfaces/lib'
[2.158s] Level 1:colcon.colcon_core.shell:create_environment_hook('interfaces', 'ld_library_path_lib')
[2.159s] INFO:colcon.colcon_core.shell:Creating environment hook '/home/fyier/thesis/ros_ws/install/interfaces/share/interfaces/hook/ld_library_path_lib.ps1'
[2.159s] INFO:colcon.colcon_core.shell:Creating environment descriptor '/home/fyier/thesis/ros_ws/install/interfaces/share/interfaces/hook/ld_library_path_lib.dsv'
[2.159s] INFO:colcon.colcon_core.shell:Creating environment hook '/home/fyier/thesis/ros_ws/install/interfaces/share/interfaces/hook/ld_library_path_lib.sh'
[2.159s] Level 1:colcon.colcon_core.environment:checking '/home/fyier/thesis/ros_ws/install/interfaces/bin'
[2.159s] Level 1:colcon.colcon_core.environment:checking '/home/fyier/thesis/ros_ws/install/interfaces/lib/pkgconfig/interfaces.pc'
[2.159s] Level 1:colcon.colcon_core.environment:checking '/home/fyier/thesis/ros_ws/install/interfaces/lib/python3.10/site-packages'
[2.159s] Level 1:colcon.colcon_core.environment:checking '/home/fyier/thesis/ros_ws/install/interfaces/bin'
[2.159s] INFO:colcon.colcon_core.shell:Creating package script '/home/fyier/thesis/ros_ws/install/interfaces/share/interfaces/package.ps1'
[2.159s] INFO:colcon.colcon_core.shell:Creating package descriptor '/home/fyier/thesis/ros_ws/install/interfaces/share/interfaces/package.dsv'
[2.160s] INFO:colcon.colcon_core.shell:Creating package script '/home/fyier/thesis/ros_ws/install/interfaces/share/interfaces/package.sh'
[2.160s] INFO:colcon.colcon_core.shell:Creating package script '/home/fyier/thesis/ros_ws/install/interfaces/share/interfaces/package.bash'
[2.160s] INFO:colcon.colcon_core.shell:Creating package script '/home/fyier/thesis/ros_ws/install/interfaces/share/interfaces/package.zsh'
[2.161s] Level 1:colcon.colcon_core.environment:create_file_with_runtime_dependencies(/home/fyier/thesis/ros_ws/install/interfaces/share/colcon-core/packages/interfaces)
[2.184s] Level 1:colcon.colcon_core.environment:create_environment_scripts_only(interfaces)
[2.184s] Level 1:colcon.colcon_core.environment:checking '/home/fyier/thesis/ros_ws/install/interfaces' for CMake module files
[2.184s] Level 1:colcon.colcon_core.environment:checking '/home/fyier/thesis/ros_ws/install/interfaces' for CMake config files
[2.185s] Level 1:colcon.colcon_core.shell:create_environment_hook('interfaces', 'cmake_prefix_path')
[2.185s] INFO:colcon.colcon_core.shell:Creating environment hook '/home/fyier/thesis/ros_ws/install/interfaces/share/interfaces/hook/cmake_prefix_path.ps1'
[2.185s] INFO:colcon.colcon_core.shell:Creating environment descriptor '/home/fyier/thesis/ros_ws/install/interfaces/share/interfaces/hook/cmake_prefix_path.dsv'
[2.185s] INFO:colcon.colcon_core.shell:Creating environment hook '/home/fyier/thesis/ros_ws/install/interfaces/share/interfaces/hook/cmake_prefix_path.sh'
[2.185s] Level 1:colcon.colcon_core.environment:checking '/home/fyier/thesis/ros_ws/install/interfaces/lib'
[2.185s] Level 1:colcon.colcon_core.shell:create_environment_hook('interfaces', 'ld_library_path_lib')
[2.186s] INFO:colcon.colcon_core.shell:Creating environment hook '/home/fyier/thesis/ros_ws/install/interfaces/share/interfaces/hook/ld_library_path_lib.ps1'
[2.186s] INFO:colcon.colcon_core.shell:Creating environment descriptor '/home/fyier/thesis/ros_ws/install/interfaces/share/interfaces/hook/ld_library_path_lib.dsv'
[2.186s] INFO:colcon.colcon_core.shell:Creating environment hook '/home/fyier/thesis/ros_ws/install/interfaces/share/interfaces/hook/ld_library_path_lib.sh'
[2.186s] Level 1:colcon.colcon_core.environment:checking '/home/fyier/thesis/ros_ws/install/interfaces/bin'
[2.186s] Level 1:colcon.colcon_core.environment:checking '/home/fyier/thesis/ros_ws/install/interfaces/lib/pkgconfig/interfaces.pc'
[2.186s] Level 1:colcon.colcon_core.environment:checking '/home/fyier/thesis/ros_ws/install/interfaces/lib/python3.10/site-packages'
[2.186s] Level 1:colcon.colcon_core.environment:checking '/home/fyier/thesis/ros_ws/install/interfaces/bin'
[2.186s] INFO:colcon.colcon_core.shell:Creating package script '/home/fyier/thesis/ros_ws/install/interfaces/share/interfaces/package.ps1'
[2.187s] INFO:colcon.colcon_core.shell:Creating package descriptor '/home/fyier/thesis/ros_ws/install/interfaces/share/interfaces/package.dsv'
[2.187s] INFO:colcon.colcon_core.shell:Creating package script '/home/fyier/thesis/ros_ws/install/interfaces/share/interfaces/package.sh'
[2.187s] INFO:colcon.colcon_core.shell:Creating package script '/home/fyier/thesis/ros_ws/install/interfaces/share/interfaces/package.bash'
[2.187s] INFO:colcon.colcon_core.shell:Creating package script '/home/fyier/thesis/ros_ws/install/interfaces/share/interfaces/package.zsh'
[2.187s] Level 1:colcon.colcon_core.environment:create_file_with_runtime_dependencies(/home/fyier/thesis/ros_ws/install/interfaces/share/colcon-core/packages/interfaces)
[2.188s] INFO:colcon.colcon_ros.task.ament_python.build:Building ROS package in '/home/fyier/thesis/ros_ws/src/chat_service' with build type 'ament_python'
[2.188s] Level 1:colcon.colcon_core.shell:create_environment_hook('chat_service', 'ament_prefix_path')
[2.188s] INFO:colcon.colcon_core.shell:Creating environment hook '/home/fyier/thesis/ros_ws/install/chat_service/share/chat_service/hook/ament_prefix_path.ps1'
[2.188s] INFO:colcon.colcon_core.shell:Creating environment descriptor '/home/fyier/thesis/ros_ws/install/chat_service/share/chat_service/hook/ament_prefix_path.dsv'
[2.188s] INFO:colcon.colcon_core.shell:Creating environment hook '/home/fyier/thesis/ros_ws/install/chat_service/share/chat_service/hook/ament_prefix_path.sh'
[2.189s] INFO:colcon.colcon_core.shell:Skip shell extension 'powershell' for command environment: Not usable outside of PowerShell
[2.189s] DEBUG:colcon.colcon_core.shell:Skip shell extension 'dsv' for command environment
[2.300s] INFO:colcon.colcon_core.task.python.build:Building Python package in '/home/fyier/thesis/ros_ws/src/chat_service'
[2.300s] INFO:colcon.colcon_core.shell:Skip shell extension 'powershell' for command environment: Not usable outside of PowerShell
[2.300s] DEBUG:colcon.colcon_core.shell:Skip shell extension 'dsv' for command environment
[2.446s] DEBUG:colcon.colcon_core.event_handler.log_command:Invoking command in '/home/fyier/thesis/ros_ws/src/chat_service': PYTHONPATH=/home/fyier/thesis/ros_ws/build/chat_service/prefix_override:/usr/lib/python3/dist-packages/colcon_core/task/python/colcon_distutils_commands:/home/fyier/thesis/ros_ws/install/chat_service/lib/python3.10/site-packages:${PYTHONPATH} /usr/bin/python3 -W ignore:setup.py install is deprecated setup.py egg_info --egg-base ../../build/chat_service build --build-base /home/fyier/thesis/ros_ws/build/chat_service/build install --record /home/fyier/thesis/ros_ws/build/chat_service/install.log --single-version-externally-managed install_data
[2.561s] Level 1:colcon.colcon_core.environment:checking '/home/fyier/thesis/ros_ws/install/chat_service' for CMake module files
[2.561s] DEBUG:colcon.colcon_core.event_handler.log_command:Invoked command in '/home/fyier/thesis/ros_ws/src/chat_service' returned '0': PYTHONPATH=/home/fyier/thesis/ros_ws/build/chat_service/prefix_override:/usr/lib/python3/dist-packages/colcon_core/task/python/colcon_distutils_commands:/home/fyier/thesis/ros_ws/install/chat_service/lib/python3.10/site-packages:${PYTHONPATH} /usr/bin/python3 -W ignore:setup.py install is deprecated setup.py egg_info --egg-base ../../build/chat_service build --build-base /home/fyier/thesis/ros_ws/build/chat_service/build install --record /home/fyier/thesis/ros_ws/build/chat_service/install.log --single-version-externally-managed install_data
[2.562s] Level 1:colcon.colcon_core.environment:checking '/home/fyier/thesis/ros_ws/install/chat_service' for CMake config files
[2.562s] Level 1:colcon.colcon_core.environment:checking '/home/fyier/thesis/ros_ws/install/chat_service/lib'
[2.562s] Level 1:colcon.colcon_core.environment:checking '/home/fyier/thesis/ros_ws/install/chat_service/bin'
[2.562s] Level 1:colcon.colcon_core.environment:checking '/home/fyier/thesis/ros_ws/install/chat_service/lib/pkgconfig/chat_service.pc'
[2.562s] Level 1:colcon.colcon_core.environment:checking '/home/fyier/thesis/ros_ws/install/chat_service/lib/python3.10/site-packages'
[2.562s] Level 1:colcon.colcon_core.shell:create_environment_hook('chat_service', 'pythonpath')
[2.562s] INFO:colcon.colcon_core.shell:Creating environment hook '/home/fyier/thesis/ros_ws/install/chat_service/share/chat_service/hook/pythonpath.ps1'
[2.562s] INFO:colcon.colcon_core.shell:Creating environment descriptor '/home/fyier/thesis/ros_ws/install/chat_service/share/chat_service/hook/pythonpath.dsv'
[2.562s] INFO:colcon.colcon_core.shell:Creating environment hook '/home/fyier/thesis/ros_ws/install/chat_service/share/chat_service/hook/pythonpath.sh'
[2.562s] Level 1:colcon.colcon_core.environment:checking '/home/fyier/thesis/ros_ws/install/chat_service/bin'
[2.562s] Level 1:colcon.colcon_core.environment:create_environment_scripts_only(chat_service)
[2.563s] INFO:colcon.colcon_core.shell:Creating package script '/home/fyier/thesis/ros_ws/install/chat_service/share/chat_service/package.ps1'
[2.563s] INFO:colcon.colcon_core.shell:Creating package descriptor '/home/fyier/thesis/ros_ws/install/chat_service/share/chat_service/package.dsv'
[2.563s] INFO:colcon.colcon_core.shell:Creating package script '/home/fyier/thesis/ros_ws/install/chat_service/share/chat_service/package.sh'
[2.563s] INFO:colcon.colcon_core.shell:Creating package script '/home/fyier/thesis/ros_ws/install/chat_service/share/chat_service/package.bash'
[2.563s] INFO:colcon.colcon_core.shell:Creating package script '/home/fyier/thesis/ros_ws/install/chat_service/share/chat_service/package.zsh'
[2.563s] Level 1:colcon.colcon_core.environment:create_file_with_runtime_dependencies(/home/fyier/thesis/ros_ws/install/chat_service/share/colcon-core/packages/chat_service)
[2.563s] DEBUG:colcon.colcon_parallel_executor.executor.parallel:closing loop
[2.563s] DEBUG:colcon.colcon_parallel_executor.executor.parallel:loop closed
[2.563s] DEBUG:colcon.colcon_parallel_executor.executor.parallel:run_until_complete finished with '0'
[2.563s] DEBUG:colcon.colcon_core.event_reactor:joining thread
[2.567s] INFO:colcon.colcon_core.plugin_system:Skipping extension 'colcon_notification.desktop_notification.notify_send': Could not find 'notify-send'
[2.567s] INFO:colcon.colcon_core.plugin_system:Skipping extension 'colcon_notification.desktop_notification.terminal_notifier': Not used on non-Darwin systems
[2.567s] INFO:colcon.colcon_core.plugin_system:Skipping extension 'colcon_notification.desktop_notification.win32': Not used on non-Windows systems
[2.567s] INFO:colcon.colcon_notification.desktop_notification:Sending desktop notification using 'notify2'
[2.572s] DEBUG:colcon.colcon_core.event_reactor:joined thread
[2.572s] INFO:colcon.colcon_core.shell:Creating prefix script '/home/fyier/thesis/ros_ws/install/local_setup.ps1'
[2.572s] INFO:colcon.colcon_core.shell:Creating prefix util module '/home/fyier/thesis/ros_ws/install/_local_setup_util_ps1.py'
[2.573s] INFO:colcon.colcon_core.shell:Creating prefix chain script '/home/fyier/thesis/ros_ws/install/setup.ps1'
[2.574s] INFO:colcon.colcon_core.shell:Creating prefix script '/home/fyier/thesis/ros_ws/install/local_setup.sh'
[2.574s] INFO:colcon.colcon_core.shell:Creating prefix util module '/home/fyier/thesis/ros_ws/install/_local_setup_util_sh.py'
[2.574s] INFO:colcon.colcon_core.shell:Creating prefix chain script '/home/fyier/thesis/ros_ws/install/setup.sh'
[2.574s] INFO:colcon.colcon_core.shell:Creating prefix script '/home/fyier/thesis/ros_ws/install/local_setup.bash'
[2.575s] INFO:colcon.colcon_core.shell:Creating prefix chain script '/home/fyier/thesis/ros_ws/install/setup.bash'
[2.575s] INFO:colcon.colcon_core.shell:Creating prefix script '/home/fyier/thesis/ros_ws/install/local_setup.zsh'
[2.575s] INFO:colcon.colcon_core.shell:Creating prefix chain script '/home/fyier/thesis/ros_ws/install/setup.zsh'
