[0.361s] Invoking command in '/home/fyier/testing/ros_ws/src/chat_service': PYTHONPATH=/home/fyier/testing/ros_ws/src/chat_service/build/chat_service/prefix_override:/usr/lib/python3/dist-packages/colcon_core/task/python/colcon_distutils_commands:/home/fyier/testing/ros_ws/src/chat_service/install/chat_service/lib/python3.10/site-packages:${PYTHONPATH} /usr/bin/python3 -W ignore:setup.py install is deprecated setup.py egg_info --egg-base build/chat_service build --build-base /home/fyier/testing/ros_ws/src/chat_service/build/chat_service/build install --record /home/fyier/testing/ros_ws/src/chat_service/build/chat_service/install.log --single-version-externally-managed install_data
[0.474s] running egg_info
[0.474s] writing build/chat_service/chat_service.egg-info/PKG-INFO
[0.475s] writing dependency_links to build/chat_service/chat_service.egg-info/dependency_links.txt
[0.475s] writing entry points to build/chat_service/chat_service.egg-info/entry_points.txt
[0.475s] writing requirements to build/chat_service/chat_service.egg-info/requires.txt
[0.475s] writing top-level names to build/chat_service/chat_service.egg-info/top_level.txt
[0.476s] reading manifest file 'build/chat_service/chat_service.egg-info/SOURCES.txt'
[0.476s] writing manifest file 'build/chat_service/chat_service.egg-info/SOURCES.txt'
[0.476s] running build
[0.476s] running build_py
[0.476s] running install
[0.477s] running install_lib
[0.477s] running install_data
[0.477s] running install_egg_info
[0.478s] removing '/home/fyier/testing/ros_ws/src/chat_service/install/chat_service/lib/python3.10/site-packages/chat_service-0.0.1-py3.10.egg-info' (and everything under it)
[0.478s] Copying build/chat_service/chat_service.egg-info to /home/fyier/testing/ros_ws/src/chat_service/install/chat_service/lib/python3.10/site-packages/chat_service-0.0.1-py3.10.egg-info
[0.479s] running install_scripts
[0.488s] Installing chat_service_node script to /home/fyier/testing/ros_ws/src/chat_service/install/chat_service/lib/chat_service
[0.488s] writing list of installed files to '/home/fyier/testing/ros_ws/src/chat_service/build/chat_service/install.log'
[0.500s] Invoked command in '/home/fyier/testing/ros_ws/src/chat_service' returned '0': PYTHONPATH=/home/fyier/testing/ros_ws/src/chat_service/build/chat_service/prefix_override:/usr/lib/python3/dist-packages/colcon_core/task/python/colcon_distutils_commands:/home/fyier/testing/ros_ws/src/chat_service/install/chat_service/lib/python3.10/site-packages:${PYTHONPATH} /usr/bin/python3 -W ignore:setup.py install is deprecated setup.py egg_info --egg-base build/chat_service build --build-base /home/fyier/testing/ros_ws/src/chat_service/build/chat_service/build install --record /home/fyier/testing/ros_ws/src/chat_service/build/chat_service/install.log --single-version-externally-managed install_data
